[0.012s] Invoking command in '/home/zixuanh/vicon_ws/src/lightweight_vicon_bridge2/mocap_interfaces/build/mocap_interfaces': CONDA_PROMPT_MODIFIER=(base) /usr/bin/cmake /home/zixuanh/vicon_ws/src/lightweight_vicon_bridge2/mocap_interfaces -DCMAKE_INSTALL_PREFIX=/home/zixuanh/vicon_ws/src/lightweight_vicon_bridge2/mocap_interfaces/install/mocap_interfaces
[0.045s] -- The C compiler identification is GNU 11.4.0
[0.071s] -- The CXX compiler identification is GNU 11.4.0
[0.075s] -- Detecting C compiler ABI info
[0.127s] -- Detecting C compiler ABI info - done
[0.131s] -- Check for working C compiler: /usr/bin/cc - skipped
[0.131s] -- Detecting C compile features
[0.132s] -- Detecting C compile features - done
[0.133s] -- Detecting CXX compiler ABI info
[0.184s] -- Detecting CXX compiler ABI info - done
[0.188s] -- Check for working CXX compiler: /usr/bin/c++ - skipped
[0.188s] -- Detecting CXX compile features
[0.189s] -- Detecting CXX compile features - done
[0.193s] -- Configuring incomplete, errors occurred!
[0.193s] See also "/home/zixuanh/vicon_ws/src/lightweight_vicon_bridge2/mocap_interfaces/build/mocap_interfaces/CMakeFiles/CMakeOutput.log".
[0.193s] [31mCMake Error at CMakeLists.txt:9 (find_package):
[0.193s]   By not providing "Findament_cmake.cmake" in CMAKE_MODULE_PATH this project
[0.194s]   has asked CMake to find a package configuration file provided by
[0.194s]   "ament_cmake", but CMake did not find one.
[0.194s] 
[0.194s]   Could not find a package configuration file provided by "ament_cmake" with
[0.194s]   any of the following names:
[0.194s] 
[0.194s]     ament_cmakeConfig.cmake
[0.194s]     ament_cmake-config.cmake
[0.194s] 
[0.194s]   Add the installation prefix of "ament_cmake" to CMAKE_PREFIX_PATH or set
[0.194s]   "ament_cmake_DIR" to a directory containing one of the above files.  If
[0.194s]   "ament_cmake" provides a separate development package or SDK, be sure it
[0.194s]   has been installed.
[0.194s] 
[0.194s] [0m
[0.195s] Invoked command in '/home/zixuanh/vicon_ws/src/lightweight_vicon_bridge2/mocap_interfaces/build/mocap_interfaces' returned '1': CONDA_PROMPT_MODIFIER=(base) /usr/bin/cmake /home/zixuanh/vicon_ws/src/lightweight_vicon_bridge2/mocap_interfaces -DCMAKE_INSTALL_PREFIX=/home/zixuanh/vicon_ws/src/lightweight_vicon_bridge2/mocap_interfaces/install/mocap_interfaces
