[  1%] Built target lightweight_vicon_bridge__cpp
[ 12%] Built target lightweight_vicon_bridge__rosidl_generator_c
[ 12%] Built target ament_cmake_python_copy_lightweight_vicon_bridge
[ 23%] Built target lightweight_vicon_bridge__rosidl_typesupport_c
[ 55%] Built target lightweight_vicon_bridge__rosidl_typesupport_cpp
[ 55%] Built target lightweight_vicon_bridge__rosidl_typesupport_introspection_c
[ 70%] Built target lightweight_vicon_bridge__rosidl_typesupport_introspection_cpp
[ 70%] Built target lightweight_vicon_bridge__rosidl_typesupport_fastrtps_cpp
[ 76%] Built target lightweight_vicon_bridge__rosidl_typesupport_fastrtps_c
[35m[1mConsolidate compiler generated dependencies of target lightweight_vicon_bridge_node[0m
[ 76%] Built target lightweight_vicon_bridge
[ 78%] [32mBuilding CXX object CMakeFiles/lightweight_vicon_bridge_node.dir/src/lightweight_vicon_bridge_node.cpp.o[0m
[ 80%] Built target lightweight_vicon_bridge__py
[ 89%] Built target lightweight_vicon_bridge__rosidl_generator_py
[ 93%] Built target lightweight_vicon_bridge__rosidl_typesupport_introspection_c__pyext
[ 96%] Built target lightweight_vicon_bridge__rosidl_typesupport_fastrtps_c__pyext
[ 98%] Built target lightweight_vicon_bridge__rosidl_typesupport_c__pyext
running egg_info
writing lightweight_vicon_bridge.egg-info/PKG-INFO
writing dependency_links to lightweight_vicon_bridge.egg-info/dependency_links.txt
writing top-level names to lightweight_vicon_bridge.egg-info/top_level.txt
reading manifest file 'lightweight_vicon_bridge.egg-info/SOURCES.txt'
writing manifest file 'lightweight_vicon_bridge.egg-info/SOURCES.txt'
[ 98%] Built target ament_cmake_python_build_lightweight_vicon_bridge_egg
[01m[K/home/zixuanh/vicon_ws/src/lightweight_vicon_bridge/src/lightweight_vicon_bridge_node.cpp:[m[K In function ‘[01m[Kint main(int, char**)[m[K’:
[01m[K/home/zixuanh/vicon_ws/src/lightweight_vicon_bridge/src/lightweight_vicon_bridge_node.cpp:89:35:[m[K [01;31m[Kerror: [m[K‘[01m[Knh[m[K’ was not declared in this scope
   89 |     rclcpp::Publisher mocap_pub = [01;31m[Knh[m[K.advertise<lightweight_vicon_bridge::MocapState>(tracker_topic, 1, false);
      |                                   [01;31m[K^~[m[K
[01m[K/home/zixuanh/vicon_ws/src/lightweight_vicon_bridge/src/lightweight_vicon_bridge_node.cpp:89:74:[m[K [01;31m[Kerror: [m[K‘[01m[KMocapState[m[K’ is not a member of ‘[01m[Klightweight_vicon_bridge[m[K’; did you mean ‘[01m[Klightweight_vicon_bridge::msg::MocapState[m[K’?
   89 |     rclcpp::Publisher mocap_pub = nh.advertise<lightweight_vicon_bridge::[01;31m[KMocapState[m[K>(tracker_topic, 1, false);
      |                                                                          [01;31m[K^~~~~~~~~~[m[K
In file included from [01m[K/home/zixuanh/vicon_ws/src/lightweight_vicon_bridge/build/lightweight_vicon_bridge/rosidl_generator_cpp/lightweight_vicon_bridge/msg/mocap_state.hpp:7[m[K,
                 from [01m[K/home/zixuanh/vicon_ws/src/lightweight_vicon_bridge/src/lightweight_vicon_bridge_node.cpp:11[m[K:
[01m[K/home/zixuanh/vicon_ws/src/lightweight_vicon_bridge/build/lightweight_vicon_bridge/rosidl_generator_cpp/lightweight_vicon_bridge/msg/detail/mocap_state__struct.hpp:156:7:[m[K [01;36m[Knote: [m[K‘[01m[Klightweight_vicon_bridge::msg::MocapState[m[K’ declared here
  156 | using [01;36m[KMocapState[m[K =
      |       [01;36m[K^~~~~~~~~~[m[K
[01m[K/home/zixuanh/vicon_ws/src/lightweight_vicon_bridge/src/lightweight_vicon_bridge_node.cpp:89:86:[m[K [01;35m[Kwarning: [m[Kleft operand of comma operator has no effect [[01;35m[K]8;;https://gcc.gnu.org/onlinedocs/gcc/Warning-Options.html#index-Wunused-value-Wunused-value]8;;[m[K]
   89 |    rclcpp::Publisher mocap_pub = nh.advertise<lightweight_vicon_bridge::MocapState>([01;35m[Ktracker_topic[m[K, 1, false);
      |                                                                                     [01;35m[K^~~~~~~~~~~~~[m[K

[01m[K/home/zixuanh/vicon_ws/src/lightweight_vicon_bridge/src/lightweight_vicon_bridge_node.cpp:89:104:[m[K [01;35m[Kwarning: [m[Kright operand of comma operator has no effect [[01;35m[K]8;;https://gcc.gnu.org/onlinedocs/gcc/Warning-Options.html#index-Wunused-value-Wunused-value]8;;[m[K]
   89 | lisher mocap_pub = nh.advertise<lightweight_vicon_bridge::MocapState>(tracker_topic, 1, [01;35m[Kfalse[m[K);
      |                                                                                         [01;35m[K^~~~~[m[K

[01m[K/home/zixuanh/vicon_ws/src/lightweight_vicon_bridge/src/lightweight_vicon_bridge_node.cpp:132:66:[m[K [01;31m[Kerror: [m[Kno matching function for call to ‘[01m[Krclcpp::Duration::Duration(const double&)[m[K’
  132 |             const rclcpp::Duration latency_duration(total_latency[01;31m[K)[m[K;
      |                                                                  [01;31m[K^[m[K
In file included from [01m[K/opt/ros/humble/include/rclcpp/rclcpp/qos.hpp:20[m[K,
                 from [01m[K/opt/ros/humble/include/rclcpp/rclcpp/node_interfaces/node_graph_interface.hpp:32[m[K,
                 from [01m[K/opt/ros/humble/include/rclcpp/rclcpp/client.hpp:42[m[K,
                 from [01m[K/opt/ros/humble/include/rclcpp/rclcpp/callback_group.hpp:24[m[K,
                 from [01m[K/opt/ros/humble/include/rclcpp/rclcpp/any_executable.hpp:20[m[K,
                 from [01m[K/opt/ros/humble/include/rclcpp/rclcpp/memory_strategy.hpp:25[m[K,
                 from [01m[K/opt/ros/humble/include/rclcpp/rclcpp/memory_strategies.hpp:18[m[K,
                 from [01m[K/opt/ros/humble/include/rclcpp/rclcpp/executor_options.hpp:20[m[K,
                 from [01m[K/opt/ros/humble/include/rclcpp/rclcpp/executor.hpp:37[m[K,
                 from [01m[K/opt/ros/humble/include/rclcpp/rclcpp/executors/multi_threaded_executor.hpp:25[m[K,
                 from [01m[K/opt/ros/humble/include/rclcpp/rclcpp/executors.hpp:21[m[K,
                 from [01m[K/opt/ros/humble/include/rclcpp/rclcpp/rclcpp.hpp:155[m[K,
                 from [01m[K/home/zixuanh/vicon_ws/src/lightweight_vicon_bridge/src/lightweight_vicon_bridge_node.cpp:10[m[K:
[01m[K/opt/ros/humble/include/rclcpp/rclcpp/duration.hpp:48:3:[m[K [01;36m[Knote: [m[Kcandidate: ‘[01m[Ktemplate<class Rep, class Period> rclcpp::Duration::Duration(const std::chrono::duration<_Rep1, _Period1>&)[m[K’
   48 |   [01;36m[KDuration[m[K(const std::chrono::duration<Rep, Period> & duration)  // NOLINT(runtime/explicit)
      |   [01;36m[K^~~~~~~~[m[K
[01m[K/opt/ros/humble/include/rclcpp/rclcpp/duration.hpp:48:3:[m[K [01;36m[Knote: [m[K  template argument deduction/substitution failed:
[01m[K/home/zixuanh/vicon_ws/src/lightweight_vicon_bridge/src/lightweight_vicon_bridge_node.cpp:132:66:[m[K [01;36m[Knote: [m[K  mismatched types ‘[01m[Kconst std::chrono::duration<_Rep1, _Period1>[m[K’ and ‘[01m[Kconst double[m[K’
  132 |             const rclcpp::Duration latency_duration(total_latency[01;36m[K)[m[K;
      |                                                                  [01;36m[K^[m[K
In file included from [01m[K/opt/ros/humble/include/rclcpp/rclcpp/qos.hpp:20[m[K,
                 from [01m[K/opt/ros/humble/include/rclcpp/rclcpp/node_interfaces/node_graph_interface.hpp:32[m[K,
                 from [01m[K/opt/ros/humble/include/rclcpp/rclcpp/client.hpp:42[m[K,
                 from [01m[K/opt/ros/humble/include/rclcpp/rclcpp/callback_group.hpp:24[m[K,
                 from [01m[K/opt/ros/humble/include/rclcpp/rclcpp/any_executable.hpp:20[m[K,
                 from [01m[K/opt/ros/humble/include/rclcpp/rclcpp/memory_strategy.hpp:25[m[K,
                 from [01m[K/opt/ros/humble/include/rclcpp/rclcpp/memory_strategies.hpp:18[m[K,
                 from [01m[K/opt/ros/humble/include/rclcpp/rclcpp/executor_options.hpp:20[m[K,
                 from [01m[K/opt/ros/humble/include/rclcpp/rclcpp/executor.hpp:37[m[K,
                 from [01m[K/opt/ros/humble/include/rclcpp/rclcpp/executors/multi_threaded_executor.hpp:25[m[K,
                 from [01m[K/opt/ros/humble/include/rclcpp/rclcpp/executors.hpp:21[m[K,
                 from [01m[K/opt/ros/humble/include/rclcpp/rclcpp/rclcpp.hpp:155[m[K,
                 from [01m[K/home/zixuanh/vicon_ws/src/lightweight_vicon_bridge/src/lightweight_vicon_bridge_node.cpp:10[m[K:
[01m[K/opt/ros/humble/include/rclcpp/rclcpp/duration.hpp:151:3:[m[K [01;36m[Knote: [m[Kcandidate: ‘[01m[Krclcpp::Duration::Duration()[m[K’
  151 |   [01;36m[KDuration[m[K() = default;
      |   [01;36m[K^~~~~~~~[m[K
[01m[K/opt/ros/humble/include/rclcpp/rclcpp/duration.hpp:151:3:[m[K [01;36m[Knote: [m[K  candidate expects 0 arguments, 1 provided
[01m[K/opt/ros/humble/include/rclcpp/rclcpp/duration.hpp:61:3:[m[K [01;36m[Knote: [m[Kcandidate: ‘[01m[Krclcpp::Duration::Duration(const rclcpp::Duration&)[m[K’
   61 |   [01;36m[KDuration[m[K(const Duration & rhs);
      |   [01;36m[K^~~~~~~~[m[K
[01m[K/opt/ros/humble/include/rclcpp/rclcpp/duration.hpp:61:29:[m[K [01;36m[Knote: [m[K  no known conversion for argument 1 from ‘[01m[Kconst double[m[K’ to ‘[01m[Kconst rclcpp::Duration&[m[K’
   61 |   Duration([01;36m[Kconst Duration & rhs[m[K);
      |            [01;36m[K~~~~~~~~~~~~~~~~~^~~[m[K
[01m[K/opt/ros/humble/include/rclcpp/rclcpp/duration.hpp:59:12:[m[K [01;36m[Knote: [m[Kcandidate: ‘[01m[Krclcpp::Duration::Duration(const rcl_duration_t&)[m[K’
   59 |   explicit [01;36m[KDuration[m[K(const rcl_duration_t & duration);
      |            [01;36m[K^~~~~~~~[m[K
[01m[K/opt/ros/humble/include/rclcpp/rclcpp/duration.hpp:59:44:[m[K [01;36m[Knote: [m[K  no known conversion for argument 1 from ‘[01m[Kconst double[m[K’ to ‘[01m[Kconst rcl_duration_t&[m[K’ {aka ‘[01m[Kconst rcl_duration_s&[m[K’}
   59 |   explicit Duration([01;36m[Kconst rcl_duration_t & duration[m[K);
      |                     [01;36m[K~~~~~~~~~~~~~~~~~~~~~~~^~~~~~~~[m[K
[01m[K/opt/ros/humble/include/rclcpp/rclcpp/duration.hpp:53:3:[m[K [01;36m[Knote: [m[Kcandidate: ‘[01m[Krclcpp::Duration::Duration(const Duration&)[m[K’
   53 |   [01;36m[KDuration[m[K(const builtin_interfaces::msg::Duration & duration_msg);  // NOLINT(runtime/explicit)
      |   [01;36m[K^~~~~~~~[m[K
[01m[K/opt/ros/humble/include/rclcpp/rclcpp/duration.hpp:53:54:[m[K [01;36m[Knote: [m[K  no known conversion for argument 1 from ‘[01m[Kconst double[m[K’ to ‘[01m[Kconst Duration&[m[K’ {aka ‘[01m[Kconst builtin_interfaces::msg::Duration_<std::allocator<void> >&[m[K’}
   53 |   Duration([01;36m[Kconst builtin_interfaces::msg::Duration & duration_msg[m[K);  // NOLINT(runtime/explicit)
      |            [01;36m[K~~~~~~~~~~~~~~~~~~~~~~~~~~~~~~~~~~~~~~~~~~^~~~~~~~~~~~[m[K
[01m[K/opt/ros/humble/include/rclcpp/rclcpp/duration.hpp:42:12:[m[K [01;36m[Knote: [m[Kcandidate: ‘[01m[Krclcpp::Duration::Duration(std::chrono::nanoseconds)[m[K’
   42 |   explicit [01;36m[KDuration[m[K(std::chrono::nanoseconds nanoseconds);
      |            [01;36m[K^~~~~~~~[m[K
[01m[K/opt/ros/humble/include/rclcpp/rclcpp/duration.hpp:42:46:[m[K [01;36m[Knote: [m[K  no known conversion for argument 1 from ‘[01m[Kconst double[m[K’ to ‘[01m[Kstd::chrono::nanoseconds[m[K’ {aka ‘[01m[Kstd::chrono::duration<long int, std::ratio<1, 1000000000> >[m[K’}
   42 |   explicit Duration([01;36m[Kstd::chrono::nanoseconds nanoseconds[m[K);
      |                     [01;36m[K~~~~~~~~~~~~~~~~~~~~~~~~~^~~~~~~~~~~[m[K
[01m[K/opt/ros/humble/include/rclcpp/rclcpp/duration.hpp:39:3:[m[K [01;36m[Knote: [m[Kcandidate: ‘[01m[Krclcpp::Duration::Duration(int32_t, uint32_t)[m[K’
   39 |   [01;36m[KDuration[m[K(int32_t seconds, uint32_t nanoseconds);
      |   [01;36m[K^~~~~~~~[m[K
[01m[K/opt/ros/humble/include/rclcpp/rclcpp/duration.hpp:39:3:[m[K [01;36m[Knote: [m[K  candidate expects 2 arguments, 1 provided
[01m[K/home/zixuanh/vicon_ws/src/lightweight_vicon_bridge/src/lightweight_vicon_bridge_node.cpp:133:61:[m[K [01;31m[Kerror: [m[K‘[01m[Know[m[K’ is not a member of ‘[01m[Krclcpp::Time[m[K’
  133 |             const rclcpp::Time current_time = rclcpp::Time::[01;31m[Know[m[K();
      |                                                             [01;31m[K^~~[m[K
[01m[K/home/zixuanh/vicon_ws/src/lightweight_vicon_bridge/src/lightweight_vicon_bridge_node.cpp:135:30:[m[K [01;31m[Kerror: [m[K‘[01m[Kconst class rclcpp::Time[m[K’ has no member named ‘[01m[KtoSec[m[K’
  135 |             if (current_time.[01;31m[KtoSec[m[K() > latency_duration.toSec())
      |                              [01;31m[K^~~~~[m[K
[01m[K/home/zixuanh/vicon_ws/src/lightweight_vicon_bridge/src/lightweight_vicon_bridge_node.cpp:135:57:[m[K [01;31m[Kerror: [m[K‘[01m[Kconst class rclcpp::Duration[m[K’ has no member named ‘[01m[KtoSec[m[K’
  135 |             if (current_time.toSec() > latency_duration.[01;31m[KtoSec[m[K())
      |                                                         [01;31m[K^~~~~[m[K
[01m[K/home/zixuanh/vicon_ws/src/lightweight_vicon_bridge/src/lightweight_vicon_bridge_node.cpp:144:39:[m[K [01;31m[Kerror: [m[K‘[01m[KMocapState[m[K’ is not a member of ‘[01m[Klightweight_vicon_bridge[m[K’; did you mean ‘[01m[Klightweight_vicon_bridge::msg::MocapState[m[K’?
  144 |             lightweight_vicon_bridge::[01;31m[KMocapState[m[K state_msg;
      |                                       [01;31m[K^~~~~~~~~~[m[K
In file included from [01m[K/home/zixuanh/vicon_ws/src/lightweight_vicon_bridge/build/lightweight_vicon_bridge/rosidl_generator_cpp/lightweight_vicon_bridge/msg/mocap_state.hpp:7[m[K,
                 from [01m[K/home/zixuanh/vicon_ws/src/lightweight_vicon_bridge/src/lightweight_vicon_bridge_node.cpp:11[m[K:
[01m[K/home/zixuanh/vicon_ws/src/lightweight_vicon_bridge/build/lightweight_vicon_bridge/rosidl_generator_cpp/lightweight_vicon_bridge/msg/detail/mocap_state__struct.hpp:156:7:[m[K [01;36m[Knote: [m[K‘[01m[Klightweight_vicon_bridge::msg::MocapState[m[K’ declared here
  156 | using [01;36m[KMocapState[m[K =
      |       [01;36m[K^~~~~~~~~~[m[K
[01m[K/home/zixuanh/vicon_ws/src/lightweight_vicon_bridge/src/lightweight_vicon_bridge_node.cpp:145:13:[m[K [01;31m[Kerror: [m[K‘[01m[Kstate_msg[m[K’ was not declared in this scope
  145 |             [01;31m[Kstate_msg[m[K.header.frame_id = tracker_frame_name;
      |             [01;31m[K^~~~~~~~~[m[K
[01m[K/home/zixuanh/vicon_ws/src/lightweight_vicon_bridge/src/lightweight_vicon_bridge_node.cpp:153:43:[m[K [01;31m[Kerror: [m[K‘[01m[KMocapObject[m[K’ is not a member of ‘[01m[Klightweight_vicon_bridge[m[K’; did you mean ‘[01m[Klightweight_vicon_bridge::msg::MocapObject[m[K’?
  153 |                 lightweight_vicon_bridge::[01;31m[KMocapObject[m[K object_msg;
      |                                           [01;31m[K^~~~~~~~~~~[m[K
In file included from [01m[K/home/zixuanh/vicon_ws/src/lightweight_vicon_bridge/build/lightweight_vicon_bridge/rosidl_generator_cpp/lightweight_vicon_bridge/msg/detail/mocap_state__struct.hpp:22[m[K,
                 from [01m[K/home/zixuanh/vicon_ws/src/lightweight_vicon_bridge/build/lightweight_vicon_bridge/rosidl_generator_cpp/lightweight_vicon_bridge/msg/mocap_state.hpp:7[m[K,
                 from [01m[K/home/zixuanh/vicon_ws/src/lightweight_vicon_bridge/src/lightweight_vicon_bridge_node.cpp:11[m[K:
[01m[K/home/zixuanh/vicon_ws/src/lightweight_vicon_bridge/build/lightweight_vicon_bridge/rosidl_generator_cpp/lightweight_vicon_bridge/msg/detail/mocap_object__struct.hpp:138:7:[m[K [01;36m[Knote: [m[K‘[01m[Klightweight_vicon_bridge::msg::MocapObject[m[K’ declared here
  138 | using [01;36m[KMocapObject[m[K =
      |       [01;36m[K^~~~~~~~~~~[m[K
[01m[K/home/zixuanh/vicon_ws/src/lightweight_vicon_bridge/src/lightweight_vicon_bridge_node.cpp:154:17:[m[K [01;31m[Kerror: [m[K‘[01m[Kobject_msg[m[K’ was not declared in this scope; did you mean ‘[01m[Kobjects[m[K’?
  154 |                 [01;31m[Kobject_msg[m[K.name = object_name;
      |                 [01;31m[K^~~~~~~~~~[m[K
      |                 [32m[Kobjects[m[K
[01m[K/home/zixuanh/vicon_ws/src/lightweight_vicon_bridge/src/lightweight_vicon_bridge_node.cpp:162:47:[m[K [01;31m[Kerror: [m[K‘[01m[KMocapSegment[m[K’ is not a member of ‘[01m[Klightweight_vicon_bridge[m[K’; did you mean ‘[01m[Klightweight_vicon_bridge::msg::MocapSegment[m[K’?
  162 |                     lightweight_vicon_bridge::[01;31m[KMocapSegment[m[K segment_msg;
      |                                               [01;31m[K^~~~~~~~~~~~[m[K
In file included from [01m[K/home/zixuanh/vicon_ws/src/lightweight_vicon_bridge/build/lightweight_vicon_bridge/rosidl_generator_cpp/lightweight_vicon_bridge/msg/detail/mocap_object__struct.hpp:20[m[K,
                 from [01m[K/home/zixuanh/vicon_ws/src/lightweight_vicon_bridge/build/lightweight_vicon_bridge/rosidl_generator_cpp/lightweight_vicon_bridge/msg/detail/mocap_state__struct.hpp:22[m[K,
                 from [01m[K/home/zixuanh/vicon_ws/src/lightweight_vicon_bridge/build/lightweight_vicon_bridge/rosidl_generator_cpp/lightweight_vicon_bridge/msg/mocap_state.hpp:7[m[K,
                 from [01m[K/home/zixuanh/vicon_ws/src/lightweight_vicon_bridge/src/lightweight_vicon_bridge_node.cpp:11[m[K:
[01m[K/home/zixuanh/vicon_ws/src/lightweight_vicon_bridge/build/lightweight_vicon_bridge/rosidl_generator_cpp/lightweight_vicon_bridge/msg/detail/mocap_segment__struct.hpp:154:7:[m[K [01;36m[Knote: [m[K‘[01m[Klightweight_vicon_bridge::msg::MocapSegment[m[K’ declared here
  154 | using [01;36m[KMocapSegment[m[K =
      |       [01;36m[K^~~~~~~~~~~~[m[K
[01m[K/home/zixuanh/vicon_ws/src/lightweight_vicon_bridge/src/lightweight_vicon_bridge_node.cpp:163:21:[m[K [01;31m[Kerror: [m[K‘[01m[Ksegment_msg[m[K’ was not declared in this scope; did you mean ‘[01m[Ksegments[m[K’?
  163 |                     [01;31m[Ksegment_msg[m[K.name = segment_name;
      |                     [01;31m[K^~~~~~~~~~~[m[K
      |                     [32m[Ksegments[m[K
gmake[2]: *** [CMakeFiles/lightweight_vicon_bridge_node.dir/build.make:76: CMakeFiles/lightweight_vicon_bridge_node.dir/src/lightweight_vicon_bridge_node.cpp.o] Error 1
gmake[1]: *** [CMakeFiles/Makefile2:593: CMakeFiles/lightweight_vicon_bridge_node.dir/all] Error 2
gmake: *** [Makefile:146: all] Error 2
