[  1%] Built target lightweight_vicon_bridge__cpp
[ 12%] Built target lightweight_vicon_bridge__rosidl_generator_c
[ 12%] Built target ament_cmake_python_copy_lightweight_vicon_bridge
[ 23%] Built target lightweight_vicon_bridge__rosidl_typesupport_c
[ 44%] Built target lightweight_vicon_bridge__rosidl_typesupport_introspection_c
[ 43%] Built target lightweight_vicon_bridge__rosidl_typesupport_cpp
[ 55%] Built target lightweight_vicon_bridge__rosidl_typesupport_fastrtps_cpp
[ 72%] Built target lightweight_vicon_bridge__rosidl_typesupport_introspection_cpp
[ 76%] Built target lightweight_vicon_bridge__rosidl_typesupport_fastrtps_c
[35m[1mConsolidate compiler generated dependencies of target lightweight_vicon_bridge_node[0m
[ 76%] Built target lightweight_vicon_bridge
[ 78%] [32mBuilding CXX object CMakeFiles/lightweight_vicon_bridge_node.dir/src/lightweight_vicon_bridge_node.cpp.o[0m
[ 80%] Built target lightweight_vicon_bridge__py
[ 89%] Built target lightweight_vicon_bridge__rosidl_generator_py
[ 92%] Built target lightweight_vicon_bridge__rosidl_typesupport_c__pyext
[ 95%] Built target lightweight_vicon_bridge__rosidl_typesupport_fastrtps_c__pyext
[ 98%] Built target lightweight_vicon_bridge__rosidl_typesupport_introspection_c__pyext
running egg_info
writing lightweight_vicon_bridge.egg-info/PKG-INFO
writing dependency_links to lightweight_vicon_bridge.egg-info/dependency_links.txt
writing top-level names to lightweight_vicon_bridge.egg-info/top_level.txt
reading manifest file 'lightweight_vicon_bridge.egg-info/SOURCES.txt'
writing manifest file 'lightweight_vicon_bridge.egg-info/SOURCES.txt'
[ 98%] Built target ament_cmake_python_build_lightweight_vicon_bridge_egg
[01m[K/home/zixuanh/vicon_ws/src/lightweight_vicon_bridge/src/lightweight_vicon_bridge_node.cpp:[m[K In function ‘[01m[Kint main(int, char**)[m[K’:
[01m[K/home/zixuanh/vicon_ws/src/lightweight_vicon_bridge/src/lightweight_vicon_bridge_node.cpp:90:117:[m[K [01;31m[Kerror: [m[Kclass template argument deduction failed:
   90 | ocap_pub = node->create_publisher<lightweight_vicon_bridge::msg::MocapState>(tracker_topic, 1[01;31m[K)[m[K;
      |                                                                                              [01;31m[K^[m[K

[01m[K/home/zixuanh/vicon_ws/src/lightweight_vicon_bridge/src/lightweight_vicon_bridge_node.cpp:90:117:[m[K [01;31m[Kerror: [m[Kno matching function for call to ‘[01m[KPublisher(std::shared_ptr<rclcpp::Publisher<lightweight_vicon_bridge::msg::MocapState_<std::allocator<void> >, std::allocator<void> > >)[m[K’
In file included from [01m[K/opt/ros/humble/include/rclcpp/rclcpp/topic_statistics/subscription_topic_statistics.hpp:31[m[K,
                 from [01m[K/opt/ros/humble/include/rclcpp/rclcpp/subscription.hpp:50[m[K,
                 from [01m[K/opt/ros/humble/include/rclcpp/rclcpp/any_executable.hpp:25[m[K,
                 from [01m[K/opt/ros/humble/include/rclcpp/rclcpp/memory_strategy.hpp:25[m[K,
                 from [01m[K/opt/ros/humble/include/rclcpp/rclcpp/memory_strategies.hpp:18[m[K,
                 from [01m[K/opt/ros/humble/include/rclcpp/rclcpp/executor_options.hpp:20[m[K,
                 from [01m[K/opt/ros/humble/include/rclcpp/rclcpp/executor.hpp:37[m[K,
                 from [01m[K/opt/ros/humble/include/rclcpp/rclcpp/executors/multi_threaded_executor.hpp:25[m[K,
                 from [01m[K/opt/ros/humble/include/rclcpp/rclcpp/executors.hpp:21[m[K,
                 from [01m[K/opt/ros/humble/include/rclcpp/rclcpp/rclcpp.hpp:155[m[K,
                 from [01m[K/home/zixuanh/vicon_ws/src/lightweight_vicon_bridge/src/lightweight_vicon_bridge_node.cpp:10[m[K:
[01m[K/opt/ros/humble/include/rclcpp/rclcpp/publisher.hpp:125:3:[m[K [01;36m[Knote: [m[Kcandidate: ‘[01m[Ktemplate<class MessageT, class AllocatorT> Publisher(rclcpp::node_interfaces::NodeBaseInterface*, const string&, const rclcpp::QoS&, const rclcpp::PublisherOptionsWithAllocator<AllocatorT>&)-> rclcpp::Publisher<MessageT, AllocatorT>[m[K’
  125 |   [01;36m[KPublisher[m[K(
      |   [01;36m[K^~~~~~~~~[m[K
[01m[K/opt/ros/humble/include/rclcpp/rclcpp/publisher.hpp:125:3:[m[K [01;36m[Knote: [m[K  template argument deduction/substitution failed:
[01m[K/home/zixuanh/vicon_ws/src/lightweight_vicon_bridge/src/lightweight_vicon_bridge_node.cpp:90:117:[m[K [01;36m[Knote: [m[K  candidate expects 4 arguments, 1 provided
   90 | ocap_pub = node->create_publisher<lightweight_vicon_bridge::msg::MocapState>(tracker_topic, 1[01;36m[K)[m[K;
      |                                                                                              [01;36m[K^[m[K

In file included from [01m[K/opt/ros/humble/include/rclcpp/rclcpp/topic_statistics/subscription_topic_statistics.hpp:31[m[K,
                 from [01m[K/opt/ros/humble/include/rclcpp/rclcpp/subscription.hpp:50[m[K,
                 from [01m[K/opt/ros/humble/include/rclcpp/rclcpp/any_executable.hpp:25[m[K,
                 from [01m[K/opt/ros/humble/include/rclcpp/rclcpp/memory_strategy.hpp:25[m[K,
                 from [01m[K/opt/ros/humble/include/rclcpp/rclcpp/memory_strategies.hpp:18[m[K,
                 from [01m[K/opt/ros/humble/include/rclcpp/rclcpp/executor_options.hpp:20[m[K,
                 from [01m[K/opt/ros/humble/include/rclcpp/rclcpp/executor.hpp:37[m[K,
                 from [01m[K/opt/ros/humble/include/rclcpp/rclcpp/executors/multi_threaded_executor.hpp:25[m[K,
                 from [01m[K/opt/ros/humble/include/rclcpp/rclcpp/executors.hpp:21[m[K,
                 from [01m[K/opt/ros/humble/include/rclcpp/rclcpp/rclcpp.hpp:155[m[K,
                 from [01m[K/home/zixuanh/vicon_ws/src/lightweight_vicon_bridge/src/lightweight_vicon_bridge_node.cpp:10[m[K:
[01m[K/opt/ros/humble/include/rclcpp/rclcpp/publisher.hpp:77:7:[m[K [01;36m[Knote: [m[Kcandidate: ‘[01m[Ktemplate<class MessageT, class AllocatorT> Publisher(rclcpp::Publisher<MessageT, AllocatorT>)-> rclcpp::Publisher<MessageT, AllocatorT>[m[K’
   77 | class [01;36m[KPublisher[m[K : public PublisherBase
      |       [01;36m[K^~~~~~~~~[m[K
[01m[K/opt/ros/humble/include/rclcpp/rclcpp/publisher.hpp:77:7:[m[K [01;36m[Knote: [m[K  template argument deduction/substitution failed:
[01m[K/home/zixuanh/vicon_ws/src/lightweight_vicon_bridge/src/lightweight_vicon_bridge_node.cpp:90:117:[m[K [01;36m[Knote: [m[K  ‘[01m[Kstd::shared_ptr<rclcpp::Publisher<lightweight_vicon_bridge::msg::MocapState_<std::allocator<void> >, std::allocator<void> > >[m[K’ is not derived from ‘[01m[Krclcpp::Publisher<MessageT, AllocatorT>[m[K’
   90 | ocap_pub = node->create_publisher<lightweight_vicon_bridge::msg::MocapState>(tracker_topic, 1[01;36m[K)[m[K;
      |                                                                                              [01;36m[K^[m[K

[01m[K/home/zixuanh/vicon_ws/src/lightweight_vicon_bridge/src/lightweight_vicon_bridge_node.cpp:133:66:[m[K [01;31m[Kerror: [m[Kno matching function for call to ‘[01m[Krclcpp::Duration::Duration(const double&)[m[K’
  133 |             const rclcpp::Duration latency_duration(total_latency[01;31m[K)[m[K;
      |                                                                  [01;31m[K^[m[K
In file included from [01m[K/opt/ros/humble/include/rclcpp/rclcpp/qos.hpp:20[m[K,
                 from [01m[K/opt/ros/humble/include/rclcpp/rclcpp/node_interfaces/node_graph_interface.hpp:32[m[K,
                 from [01m[K/opt/ros/humble/include/rclcpp/rclcpp/client.hpp:42[m[K,
                 from [01m[K/opt/ros/humble/include/rclcpp/rclcpp/callback_group.hpp:24[m[K,
                 from [01m[K/opt/ros/humble/include/rclcpp/rclcpp/any_executable.hpp:20[m[K,
                 from [01m[K/opt/ros/humble/include/rclcpp/rclcpp/memory_strategy.hpp:25[m[K,
                 from [01m[K/opt/ros/humble/include/rclcpp/rclcpp/memory_strategies.hpp:18[m[K,
                 from [01m[K/opt/ros/humble/include/rclcpp/rclcpp/executor_options.hpp:20[m[K,
                 from [01m[K/opt/ros/humble/include/rclcpp/rclcpp/executor.hpp:37[m[K,
                 from [01m[K/opt/ros/humble/include/rclcpp/rclcpp/executors/multi_threaded_executor.hpp:25[m[K,
                 from [01m[K/opt/ros/humble/include/rclcpp/rclcpp/executors.hpp:21[m[K,
                 from [01m[K/opt/ros/humble/include/rclcpp/rclcpp/rclcpp.hpp:155[m[K,
                 from [01m[K/home/zixuanh/vicon_ws/src/lightweight_vicon_bridge/src/lightweight_vicon_bridge_node.cpp:10[m[K:
[01m[K/opt/ros/humble/include/rclcpp/rclcpp/duration.hpp:48:3:[m[K [01;36m[Knote: [m[Kcandidate: ‘[01m[Ktemplate<class Rep, class Period> rclcpp::Duration::Duration(const std::chrono::duration<_Rep1, _Period1>&)[m[K’
   48 |   [01;36m[KDuration[m[K(const std::chrono::duration<Rep, Period> & duration)  // NOLINT(runtime/explicit)
      |   [01;36m[K^~~~~~~~[m[K
[01m[K/opt/ros/humble/include/rclcpp/rclcpp/duration.hpp:48:3:[m[K [01;36m[Knote: [m[K  template argument deduction/substitution failed:
[01m[K/home/zixuanh/vicon_ws/src/lightweight_vicon_bridge/src/lightweight_vicon_bridge_node.cpp:133:66:[m[K [01;36m[Knote: [m[K  mismatched types ‘[01m[Kconst std::chrono::duration<_Rep1, _Period1>[m[K’ and ‘[01m[Kconst double[m[K’
  133 |             const rclcpp::Duration latency_duration(total_latency[01;36m[K)[m[K;
      |                                                                  [01;36m[K^[m[K
In file included from [01m[K/opt/ros/humble/include/rclcpp/rclcpp/qos.hpp:20[m[K,
                 from [01m[K/opt/ros/humble/include/rclcpp/rclcpp/node_interfaces/node_graph_interface.hpp:32[m[K,
                 from [01m[K/opt/ros/humble/include/rclcpp/rclcpp/client.hpp:42[m[K,
                 from [01m[K/opt/ros/humble/include/rclcpp/rclcpp/callback_group.hpp:24[m[K,
                 from [01m[K/opt/ros/humble/include/rclcpp/rclcpp/any_executable.hpp:20[m[K,
                 from [01m[K/opt/ros/humble/include/rclcpp/rclcpp/memory_strategy.hpp:25[m[K,
                 from [01m[K/opt/ros/humble/include/rclcpp/rclcpp/memory_strategies.hpp:18[m[K,
                 from [01m[K/opt/ros/humble/include/rclcpp/rclcpp/executor_options.hpp:20[m[K,
                 from [01m[K/opt/ros/humble/include/rclcpp/rclcpp/executor.hpp:37[m[K,
                 from [01m[K/opt/ros/humble/include/rclcpp/rclcpp/executors/multi_threaded_executor.hpp:25[m[K,
                 from [01m[K/opt/ros/humble/include/rclcpp/rclcpp/executors.hpp:21[m[K,
                 from [01m[K/opt/ros/humble/include/rclcpp/rclcpp/rclcpp.hpp:155[m[K,
                 from [01m[K/home/zixuanh/vicon_ws/src/lightweight_vicon_bridge/src/lightweight_vicon_bridge_node.cpp:10[m[K:
[01m[K/opt/ros/humble/include/rclcpp/rclcpp/duration.hpp:151:3:[m[K [01;36m[Knote: [m[Kcandidate: ‘[01m[Krclcpp::Duration::Duration()[m[K’
  151 |   [01;36m[KDuration[m[K() = default;
      |   [01;36m[K^~~~~~~~[m[K
[01m[K/opt/ros/humble/include/rclcpp/rclcpp/duration.hpp:151:3:[m[K [01;36m[Knote: [m[K  candidate expects 0 arguments, 1 provided
[01m[K/opt/ros/humble/include/rclcpp/rclcpp/duration.hpp:61:3:[m[K [01;36m[Knote: [m[Kcandidate: ‘[01m[Krclcpp::Duration::Duration(const rclcpp::Duration&)[m[K’
   61 |   [01;36m[KDuration[m[K(const Duration & rhs);
      |   [01;36m[K^~~~~~~~[m[K
[01m[K/opt/ros/humble/include/rclcpp/rclcpp/duration.hpp:61:29:[m[K [01;36m[Knote: [m[K  no known conversion for argument 1 from ‘[01m[Kconst double[m[K’ to ‘[01m[Kconst rclcpp::Duration&[m[K’
   61 |   Duration([01;36m[Kconst Duration & rhs[m[K);
      |            [01;36m[K~~~~~~~~~~~~~~~~~^~~[m[K
[01m[K/opt/ros/humble/include/rclcpp/rclcpp/duration.hpp:59:12:[m[K [01;36m[Knote: [m[Kcandidate: ‘[01m[Krclcpp::Duration::Duration(const rcl_duration_t&)[m[K’
   59 |   explicit [01;36m[KDuration[m[K(const rcl_duration_t & duration);
      |            [01;36m[K^~~~~~~~[m[K
[01m[K/opt/ros/humble/include/rclcpp/rclcpp/duration.hpp:59:44:[m[K [01;36m[Knote: [m[K  no known conversion for argument 1 from ‘[01m[Kconst double[m[K’ to ‘[01m[Kconst rcl_duration_t&[m[K’ {aka ‘[01m[Kconst rcl_duration_s&[m[K’}
   59 |   explicit Duration([01;36m[Kconst rcl_duration_t & duration[m[K);
      |                     [01;36m[K~~~~~~~~~~~~~~~~~~~~~~~^~~~~~~~[m[K
[01m[K/opt/ros/humble/include/rclcpp/rclcpp/duration.hpp:53:3:[m[K [01;36m[Knote: [m[Kcandidate: ‘[01m[Krclcpp::Duration::Duration(const Duration&)[m[K’
   53 |   [01;36m[KDuration[m[K(const builtin_interfaces::msg::Duration & duration_msg);  // NOLINT(runtime/explicit)
      |   [01;36m[K^~~~~~~~[m[K
[01m[K/opt/ros/humble/include/rclcpp/rclcpp/duration.hpp:53:54:[m[K [01;36m[Knote: [m[K  no known conversion for argument 1 from ‘[01m[Kconst double[m[K’ to ‘[01m[Kconst Duration&[m[K’ {aka ‘[01m[Kconst builtin_interfaces::msg::Duration_<std::allocator<void> >&[m[K’}
   53 |   Duration([01;36m[Kconst builtin_interfaces::msg::Duration & duration_msg[m[K);  // NOLINT(runtime/explicit)
      |            [01;36m[K~~~~~~~~~~~~~~~~~~~~~~~~~~~~~~~~~~~~~~~~~~^~~~~~~~~~~~[m[K
[01m[K/opt/ros/humble/include/rclcpp/rclcpp/duration.hpp:42:12:[m[K [01;36m[Knote: [m[Kcandidate: ‘[01m[Krclcpp::Duration::Duration(std::chrono::nanoseconds)[m[K’
   42 |   explicit [01;36m[KDuration[m[K(std::chrono::nanoseconds nanoseconds);
      |            [01;36m[K^~~~~~~~[m[K
[01m[K/opt/ros/humble/include/rclcpp/rclcpp/duration.hpp:42:46:[m[K [01;36m[Knote: [m[K  no known conversion for argument 1 from ‘[01m[Kconst double[m[K’ to ‘[01m[Kstd::chrono::nanoseconds[m[K’ {aka ‘[01m[Kstd::chrono::duration<long int, std::ratio<1, 1000000000> >[m[K’}
   42 |   explicit Duration([01;36m[Kstd::chrono::nanoseconds nanoseconds[m[K);
      |                     [01;36m[K~~~~~~~~~~~~~~~~~~~~~~~~~^~~~~~~~~~~[m[K
[01m[K/opt/ros/humble/include/rclcpp/rclcpp/duration.hpp:39:3:[m[K [01;36m[Knote: [m[Kcandidate: ‘[01m[Krclcpp::Duration::Duration(int32_t, uint32_t)[m[K’
   39 |   [01;36m[KDuration[m[K(int32_t seconds, uint32_t nanoseconds);
      |   [01;36m[K^~~~~~~~[m[K
[01m[K/opt/ros/humble/include/rclcpp/rclcpp/duration.hpp:39:3:[m[K [01;36m[Knote: [m[K  candidate expects 2 arguments, 1 provided
[01m[K/home/zixuanh/vicon_ws/src/lightweight_vicon_bridge/src/lightweight_vicon_bridge_node.cpp:134:61:[m[K [01;31m[Kerror: [m[K‘[01m[Know[m[K’ is not a member of ‘[01m[Krclcpp::Time[m[K’
  134 |             const rclcpp::Time current_time = rclcpp::Time::[01;31m[Know[m[K();
      |                                                             [01;31m[K^~~[m[K
[01m[K/home/zixuanh/vicon_ws/src/lightweight_vicon_bridge/src/lightweight_vicon_bridge_node.cpp:136:30:[m[K [01;31m[Kerror: [m[K‘[01m[Kconst class rclcpp::Time[m[K’ has no member named ‘[01m[KtoSec[m[K’
  136 |             if (current_time.[01;31m[KtoSec[m[K() > latency_duration.toSec())
      |                              [01;31m[K^~~~~[m[K
[01m[K/home/zixuanh/vicon_ws/src/lightweight_vicon_bridge/src/lightweight_vicon_bridge_node.cpp:136:57:[m[K [01;31m[Kerror: [m[K‘[01m[Kconst class rclcpp::Duration[m[K’ has no member named ‘[01m[KtoSec[m[K’
  136 |             if (current_time.toSec() > latency_duration.[01;31m[KtoSec[m[K())
      |                                                         [01;31m[K^~~~~[m[K
[01m[K/home/zixuanh/vicon_ws/src/lightweight_vicon_bridge/src/lightweight_vicon_bridge_node.cpp:186:43:[m[K [01;31m[Kerror: [m[K‘[01m[Kusing _tracked_objects_type = struct lightweight_vicon_bridge::msg::MocapObject_<std::allocator<void> >[m[K’ {aka ‘[01m[Kstruct lightweight_vicon_bridge::msg::MocapObject_<std::allocator<void> >[m[K’} has no member named ‘[01m[Kpush_back[m[K’
  186 |                 state_msg.tracked_objects.[01;31m[Kpush_back[m[K(object_msg);
      |                                           [01;31m[K^~~~~~~~~[m[K
gmake[2]: *** [CMakeFiles/lightweight_vicon_bridge_node.dir/build.make:76: CMakeFiles/lightweight_vicon_bridge_node.dir/src/lightweight_vicon_bridge_node.cpp.o] Error 1
gmake[1]: *** [CMakeFiles/Makefile2:593: CMakeFiles/lightweight_vicon_bridge_node.dir/all] Error 2
gmake: *** [Makefile:146: all] Error 2
