[0.038s] Invoking command in '/home/zixuanh/vicon_ws/src/lightweight_vicon_bridge/build/lightweight_vicon_bridge': CMAKE_PREFIX_PATH=${CMAKE_PREFIX_PATH}:/opt/ros/humble /usr/bin/cmake --build /home/zixuanh/vicon_ws/src/lightweight_vicon_bridge/build/lightweight_vicon_bridge -- -j16 -l16
[0.065s] [  1%] Built target lightweight_vicon_bridge__cpp
[0.065s] [ 12%] Built target lightweight_vicon_bridge__rosidl_generator_c
[0.070s] [ 12%] Built target ament_cmake_python_copy_lightweight_vicon_bridge
[0.077s] [ 23%] Built target lightweight_vicon_bridge__rosidl_typesupport_c
[0.077s] [ 44%] Built target lightweight_vicon_bridge__rosidl_typesupport_introspection_c
[0.077s] [ 43%] Built target lightweight_vicon_bridge__rosidl_typesupport_cpp
[0.077s] [ 55%] Built target lightweight_vicon_bridge__rosidl_typesupport_fastrtps_cpp
[0.077s] [ 72%] Built target lightweight_vicon_bridge__rosidl_typesupport_introspection_cpp
[0.077s] [ 76%] Built target lightweight_vicon_bridge__rosidl_typesupport_fastrtps_c
[0.083s] [35m[1mConsolidate compiler generated dependencies of target lightweight_vicon_bridge_node[0m
[0.088s] [ 76%] Built target lightweight_vicon_bridge
[0.093s] [ 78%] [32mBuilding CXX object CMakeFiles/lightweight_vicon_bridge_node.dir/src/lightweight_vicon_bridge_node.cpp.o[0m
[0.098s] [ 80%] Built target lightweight_vicon_bridge__py
[0.111s] [ 89%] Built target lightweight_vicon_bridge__rosidl_generator_py
[0.133s] [ 92%] Built target lightweight_vicon_bridge__rosidl_typesupport_c__pyext
[0.134s] [ 95%] Built target lightweight_vicon_bridge__rosidl_typesupport_fastrtps_c__pyext
[0.138s] [ 98%] Built target lightweight_vicon_bridge__rosidl_typesupport_introspection_c__pyext
[0.212s] running egg_info
[0.213s] writing lightweight_vicon_bridge.egg-info/PKG-INFO
[0.213s] writing dependency_links to lightweight_vicon_bridge.egg-info/dependency_links.txt
[0.213s] writing top-level names to lightweight_vicon_bridge.egg-info/top_level.txt
[0.214s] reading manifest file 'lightweight_vicon_bridge.egg-info/SOURCES.txt'
[0.214s] writing manifest file 'lightweight_vicon_bridge.egg-info/SOURCES.txt'
[0.229s] [ 98%] Built target ament_cmake_python_build_lightweight_vicon_bridge_egg
[1.367s] [01m[K/home/zixuanh/vicon_ws/src/lightweight_vicon_bridge/src/lightweight_vicon_bridge_node.cpp:[m[K In function ‘[01m[Kint main(int, char**)[m[K’:
[1.367s] [01m[K/home/zixuanh/vicon_ws/src/lightweight_vicon_bridge/src/lightweight_vicon_bridge_node.cpp:90:117:[m[K [01;31m[Kerror: [m[Kclass template argument deduction failed:
[1.367s]    90 | ocap_pub = node->create_publisher<lightweight_vicon_bridge::msg::MocapState>(tracker_topic, 1[01;31m[K)[m[K;
[1.367s]       |                                                                                              [01;31m[K^[m[K
[1.367s] 
[1.367s] [01m[K/home/zixuanh/vicon_ws/src/lightweight_vicon_bridge/src/lightweight_vicon_bridge_node.cpp:90:117:[m[K [01;31m[Kerror: [m[Kno matching function for call to ‘[01m[KPublisher(std::shared_ptr<rclcpp::Publisher<lightweight_vicon_bridge::msg::MocapState_<std::allocator<void> >, std::allocator<void> > >)[m[K’
[1.367s] In file included from [01m[K/opt/ros/humble/include/rclcpp/rclcpp/topic_statistics/subscription_topic_statistics.hpp:31[m[K,
[1.367s]                  from [01m[K/opt/ros/humble/include/rclcpp/rclcpp/subscription.hpp:50[m[K,
[1.367s]                  from [01m[K/opt/ros/humble/include/rclcpp/rclcpp/any_executable.hpp:25[m[K,
[1.367s]                  from [01m[K/opt/ros/humble/include/rclcpp/rclcpp/memory_strategy.hpp:25[m[K,
[1.367s]                  from [01m[K/opt/ros/humble/include/rclcpp/rclcpp/memory_strategies.hpp:18[m[K,
[1.367s]                  from [01m[K/opt/ros/humble/include/rclcpp/rclcpp/executor_options.hpp:20[m[K,
[1.367s]                  from [01m[K/opt/ros/humble/include/rclcpp/rclcpp/executor.hpp:37[m[K,
[1.368s]                  from [01m[K/opt/ros/humble/include/rclcpp/rclcpp/executors/multi_threaded_executor.hpp:25[m[K,
[1.368s]                  from [01m[K/opt/ros/humble/include/rclcpp/rclcpp/executors.hpp:21[m[K,
[1.368s]                  from [01m[K/opt/ros/humble/include/rclcpp/rclcpp/rclcpp.hpp:155[m[K,
[1.368s]                  from [01m[K/home/zixuanh/vicon_ws/src/lightweight_vicon_bridge/src/lightweight_vicon_bridge_node.cpp:10[m[K:
[1.368s] [01m[K/opt/ros/humble/include/rclcpp/rclcpp/publisher.hpp:125:3:[m[K [01;36m[Knote: [m[Kcandidate: ‘[01m[Ktemplate<class MessageT, class AllocatorT> Publisher(rclcpp::node_interfaces::NodeBaseInterface*, const string&, const rclcpp::QoS&, const rclcpp::PublisherOptionsWithAllocator<AllocatorT>&)-> rclcpp::Publisher<MessageT, AllocatorT>[m[K’
[1.368s]   125 |   [01;36m[KPublisher[m[K(
[1.368s]       |   [01;36m[K^~~~~~~~~[m[K
[1.368s] [01m[K/opt/ros/humble/include/rclcpp/rclcpp/publisher.hpp:125:3:[m[K [01;36m[Knote: [m[K  template argument deduction/substitution failed:
[1.368s] [01m[K/home/zixuanh/vicon_ws/src/lightweight_vicon_bridge/src/lightweight_vicon_bridge_node.cpp:90:117:[m[K [01;36m[Knote: [m[K  candidate expects 4 arguments, 1 provided
[1.368s]    90 | ocap_pub = node->create_publisher<lightweight_vicon_bridge::msg::MocapState>(tracker_topic, 1[01;36m[K)[m[K;
[1.368s]       |                                                                                              [01;36m[K^[m[K
[1.368s] 
[1.368s] In file included from [01m[K/opt/ros/humble/include/rclcpp/rclcpp/topic_statistics/subscription_topic_statistics.hpp:31[m[K,
[1.368s]                  from [01m[K/opt/ros/humble/include/rclcpp/rclcpp/subscription.hpp:50[m[K,
[1.368s]                  from [01m[K/opt/ros/humble/include/rclcpp/rclcpp/any_executable.hpp:25[m[K,
[1.368s]                  from [01m[K/opt/ros/humble/include/rclcpp/rclcpp/memory_strategy.hpp:25[m[K,
[1.368s]                  from [01m[K/opt/ros/humble/include/rclcpp/rclcpp/memory_strategies.hpp:18[m[K,
[1.368s]                  from [01m[K/opt/ros/humble/include/rclcpp/rclcpp/executor_options.hpp:20[m[K,
[1.368s]                  from [01m[K/opt/ros/humble/include/rclcpp/rclcpp/executor.hpp:37[m[K,
[1.368s]                  from [01m[K/opt/ros/humble/include/rclcpp/rclcpp/executors/multi_threaded_executor.hpp:25[m[K,
[1.368s]                  from [01m[K/opt/ros/humble/include/rclcpp/rclcpp/executors.hpp:21[m[K,
[1.369s]                  from [01m[K/opt/ros/humble/include/rclcpp/rclcpp/rclcpp.hpp:155[m[K,
[1.369s]                  from [01m[K/home/zixuanh/vicon_ws/src/lightweight_vicon_bridge/src/lightweight_vicon_bridge_node.cpp:10[m[K:
[1.369s] [01m[K/opt/ros/humble/include/rclcpp/rclcpp/publisher.hpp:77:7:[m[K [01;36m[Knote: [m[Kcandidate: ‘[01m[Ktemplate<class MessageT, class AllocatorT> Publisher(rclcpp::Publisher<MessageT, AllocatorT>)-> rclcpp::Publisher<MessageT, AllocatorT>[m[K’
[1.369s]    77 | class [01;36m[KPublisher[m[K : public PublisherBase
[1.369s]       |       [01;36m[K^~~~~~~~~[m[K
[1.369s] [01m[K/opt/ros/humble/include/rclcpp/rclcpp/publisher.hpp:77:7:[m[K [01;36m[Knote: [m[K  template argument deduction/substitution failed:
[1.369s] [01m[K/home/zixuanh/vicon_ws/src/lightweight_vicon_bridge/src/lightweight_vicon_bridge_node.cpp:90:117:[m[K [01;36m[Knote: [m[K  ‘[01m[Kstd::shared_ptr<rclcpp::Publisher<lightweight_vicon_bridge::msg::MocapState_<std::allocator<void> >, std::allocator<void> > >[m[K’ is not derived from ‘[01m[Krclcpp::Publisher<MessageT, AllocatorT>[m[K’
[1.369s]    90 | ocap_pub = node->create_publisher<lightweight_vicon_bridge::msg::MocapState>(tracker_topic, 1[01;36m[K)[m[K;
[1.369s]       |                                                                                              [01;36m[K^[m[K
[1.369s] 
[1.369s] [01m[K/home/zixuanh/vicon_ws/src/lightweight_vicon_bridge/src/lightweight_vicon_bridge_node.cpp:133:66:[m[K [01;31m[Kerror: [m[Kno matching function for call to ‘[01m[Krclcpp::Duration::Duration(const double&)[m[K’
[1.369s]   133 |             const rclcpp::Duration latency_duration(total_latency[01;31m[K)[m[K;
[1.369s]       |                                                                  [01;31m[K^[m[K
[1.369s] In file included from [01m[K/opt/ros/humble/include/rclcpp/rclcpp/qos.hpp:20[m[K,
[1.369s]                  from [01m[K/opt/ros/humble/include/rclcpp/rclcpp/node_interfaces/node_graph_interface.hpp:32[m[K,
[1.369s]                  from [01m[K/opt/ros/humble/include/rclcpp/rclcpp/client.hpp:42[m[K,
[1.369s]                  from [01m[K/opt/ros/humble/include/rclcpp/rclcpp/callback_group.hpp:24[m[K,
[1.369s]                  from [01m[K/opt/ros/humble/include/rclcpp/rclcpp/any_executable.hpp:20[m[K,
[1.369s]                  from [01m[K/opt/ros/humble/include/rclcpp/rclcpp/memory_strategy.hpp:25[m[K,
[1.369s]                  from [01m[K/opt/ros/humble/include/rclcpp/rclcpp/memory_strategies.hpp:18[m[K,
[1.369s]                  from [01m[K/opt/ros/humble/include/rclcpp/rclcpp/executor_options.hpp:20[m[K,
[1.369s]                  from [01m[K/opt/ros/humble/include/rclcpp/rclcpp/executor.hpp:37[m[K,
[1.369s]                  from [01m[K/opt/ros/humble/include/rclcpp/rclcpp/executors/multi_threaded_executor.hpp:25[m[K,
[1.369s]                  from [01m[K/opt/ros/humble/include/rclcpp/rclcpp/executors.hpp:21[m[K,
[1.369s]                  from [01m[K/opt/ros/humble/include/rclcpp/rclcpp/rclcpp.hpp:155[m[K,
[1.369s]                  from [01m[K/home/zixuanh/vicon_ws/src/lightweight_vicon_bridge/src/lightweight_vicon_bridge_node.cpp:10[m[K:
[1.369s] [01m[K/opt/ros/humble/include/rclcpp/rclcpp/duration.hpp:48:3:[m[K [01;36m[Knote: [m[Kcandidate: ‘[01m[Ktemplate<class Rep, class Period> rclcpp::Duration::Duration(const std::chrono::duration<_Rep1, _Period1>&)[m[K’
[1.369s]    48 |   [01;36m[KDuration[m[K(const std::chrono::duration<Rep, Period> & duration)  // NOLINT(runtime/explicit)
[1.369s]       |   [01;36m[K^~~~~~~~[m[K
[1.369s] [01m[K/opt/ros/humble/include/rclcpp/rclcpp/duration.hpp:48:3:[m[K [01;36m[Knote: [m[K  template argument deduction/substitution failed:
[1.369s] [01m[K/home/zixuanh/vicon_ws/src/lightweight_vicon_bridge/src/lightweight_vicon_bridge_node.cpp:133:66:[m[K [01;36m[Knote: [m[K  mismatched types ‘[01m[Kconst std::chrono::duration<_Rep1, _Period1>[m[K’ and ‘[01m[Kconst double[m[K’
[1.370s]   133 |             const rclcpp::Duration latency_duration(total_latency[01;36m[K)[m[K;
[1.370s]       |                                                                  [01;36m[K^[m[K
[1.370s] In file included from [01m[K/opt/ros/humble/include/rclcpp/rclcpp/qos.hpp:20[m[K,
[1.370s]                  from [01m[K/opt/ros/humble/include/rclcpp/rclcpp/node_interfaces/node_graph_interface.hpp:32[m[K,
[1.370s]                  from [01m[K/opt/ros/humble/include/rclcpp/rclcpp/client.hpp:42[m[K,
[1.370s]                  from [01m[K/opt/ros/humble/include/rclcpp/rclcpp/callback_group.hpp:24[m[K,
[1.370s]                  from [01m[K/opt/ros/humble/include/rclcpp/rclcpp/any_executable.hpp:20[m[K,
[1.370s]                  from [01m[K/opt/ros/humble/include/rclcpp/rclcpp/memory_strategy.hpp:25[m[K,
[1.370s]                  from [01m[K/opt/ros/humble/include/rclcpp/rclcpp/memory_strategies.hpp:18[m[K,
[1.370s]                  from [01m[K/opt/ros/humble/include/rclcpp/rclcpp/executor_options.hpp:20[m[K,
[1.370s]                  from [01m[K/opt/ros/humble/include/rclcpp/rclcpp/executor.hpp:37[m[K,
[1.370s]                  from [01m[K/opt/ros/humble/include/rclcpp/rclcpp/executors/multi_threaded_executor.hpp:25[m[K,
[1.370s]                  from [01m[K/opt/ros/humble/include/rclcpp/rclcpp/executors.hpp:21[m[K,
[1.370s]                  from [01m[K/opt/ros/humble/include/rclcpp/rclcpp/rclcpp.hpp:155[m[K,
[1.370s]                  from [01m[K/home/zixuanh/vicon_ws/src/lightweight_vicon_bridge/src/lightweight_vicon_bridge_node.cpp:10[m[K:
[1.370s] [01m[K/opt/ros/humble/include/rclcpp/rclcpp/duration.hpp:151:3:[m[K [01;36m[Knote: [m[Kcandidate: ‘[01m[Krclcpp::Duration::Duration()[m[K’
[1.370s]   151 |   [01;36m[KDuration[m[K() = default;
[1.370s]       |   [01;36m[K^~~~~~~~[m[K
[1.370s] [01m[K/opt/ros/humble/include/rclcpp/rclcpp/duration.hpp:151:3:[m[K [01;36m[Knote: [m[K  candidate expects 0 arguments, 1 provided
[1.370s] [01m[K/opt/ros/humble/include/rclcpp/rclcpp/duration.hpp:61:3:[m[K [01;36m[Knote: [m[Kcandidate: ‘[01m[Krclcpp::Duration::Duration(const rclcpp::Duration&)[m[K’
[1.370s]    61 |   [01;36m[KDuration[m[K(const Duration & rhs);
[1.370s]       |   [01;36m[K^~~~~~~~[m[K
[1.370s] [01m[K/opt/ros/humble/include/rclcpp/rclcpp/duration.hpp:61:29:[m[K [01;36m[Knote: [m[K  no known conversion for argument 1 from ‘[01m[Kconst double[m[K’ to ‘[01m[Kconst rclcpp::Duration&[m[K’
[1.370s]    61 |   Duration([01;36m[Kconst Duration & rhs[m[K);
[1.370s]       |            [01;36m[K~~~~~~~~~~~~~~~~~^~~[m[K
[1.370s] [01m[K/opt/ros/humble/include/rclcpp/rclcpp/duration.hpp:59:12:[m[K [01;36m[Knote: [m[Kcandidate: ‘[01m[Krclcpp::Duration::Duration(const rcl_duration_t&)[m[K’
[1.370s]    59 |   explicit [01;36m[KDuration[m[K(const rcl_duration_t & duration);
[1.370s]       |            [01;36m[K^~~~~~~~[m[K
[1.370s] [01m[K/opt/ros/humble/include/rclcpp/rclcpp/duration.hpp:59:44:[m[K [01;36m[Knote: [m[K  no known conversion for argument 1 from ‘[01m[Kconst double[m[K’ to ‘[01m[Kconst rcl_duration_t&[m[K’ {aka ‘[01m[Kconst rcl_duration_s&[m[K’}
[1.370s]    59 |   explicit Duration([01;36m[Kconst rcl_duration_t & duration[m[K);
[1.370s]       |                     [01;36m[K~~~~~~~~~~~~~~~~~~~~~~~^~~~~~~~[m[K
[1.370s] [01m[K/opt/ros/humble/include/rclcpp/rclcpp/duration.hpp:53:3:[m[K [01;36m[Knote: [m[Kcandidate: ‘[01m[Krclcpp::Duration::Duration(const Duration&)[m[K’
[1.371s]    53 |   [01;36m[KDuration[m[K(const builtin_interfaces::msg::Duration & duration_msg);  // NOLINT(runtime/explicit)
[1.371s]       |   [01;36m[K^~~~~~~~[m[K
[1.371s] [01m[K/opt/ros/humble/include/rclcpp/rclcpp/duration.hpp:53:54:[m[K [01;36m[Knote: [m[K  no known conversion for argument 1 from ‘[01m[Kconst double[m[K’ to ‘[01m[Kconst Duration&[m[K’ {aka ‘[01m[Kconst builtin_interfaces::msg::Duration_<std::allocator<void> >&[m[K’}
[1.371s]    53 |   Duration([01;36m[Kconst builtin_interfaces::msg::Duration & duration_msg[m[K);  // NOLINT(runtime/explicit)
[1.371s]       |            [01;36m[K~~~~~~~~~~~~~~~~~~~~~~~~~~~~~~~~~~~~~~~~~~^~~~~~~~~~~~[m[K
[1.371s] [01m[K/opt/ros/humble/include/rclcpp/rclcpp/duration.hpp:42:12:[m[K [01;36m[Knote: [m[Kcandidate: ‘[01m[Krclcpp::Duration::Duration(std::chrono::nanoseconds)[m[K’
[1.371s]    42 |   explicit [01;36m[KDuration[m[K(std::chrono::nanoseconds nanoseconds);
[1.371s]       |            [01;36m[K^~~~~~~~[m[K
[1.371s] [01m[K/opt/ros/humble/include/rclcpp/rclcpp/duration.hpp:42:46:[m[K [01;36m[Knote: [m[K  no known conversion for argument 1 from ‘[01m[Kconst double[m[K’ to ‘[01m[Kstd::chrono::nanoseconds[m[K’ {aka ‘[01m[Kstd::chrono::duration<long int, std::ratio<1, 1000000000> >[m[K’}
[1.371s]    42 |   explicit Duration([01;36m[Kstd::chrono::nanoseconds nanoseconds[m[K);
[1.371s]       |                     [01;36m[K~~~~~~~~~~~~~~~~~~~~~~~~~^~~~~~~~~~~[m[K
[1.371s] [01m[K/opt/ros/humble/include/rclcpp/rclcpp/duration.hpp:39:3:[m[K [01;36m[Knote: [m[Kcandidate: ‘[01m[Krclcpp::Duration::Duration(int32_t, uint32_t)[m[K’
[1.371s]    39 |   [01;36m[KDuration[m[K(int32_t seconds, uint32_t nanoseconds);
[1.371s]       |   [01;36m[K^~~~~~~~[m[K
[1.371s] [01m[K/opt/ros/humble/include/rclcpp/rclcpp/duration.hpp:39:3:[m[K [01;36m[Knote: [m[K  candidate expects 2 arguments, 1 provided
[1.371s] [01m[K/home/zixuanh/vicon_ws/src/lightweight_vicon_bridge/src/lightweight_vicon_bridge_node.cpp:134:61:[m[K [01;31m[Kerror: [m[K‘[01m[Know[m[K’ is not a member of ‘[01m[Krclcpp::Time[m[K’
[1.371s]   134 |             const rclcpp::Time current_time = rclcpp::Time::[01;31m[Know[m[K();
[1.371s]       |                                                             [01;31m[K^~~[m[K
[1.371s] [01m[K/home/zixuanh/vicon_ws/src/lightweight_vicon_bridge/src/lightweight_vicon_bridge_node.cpp:136:30:[m[K [01;31m[Kerror: [m[K‘[01m[Kconst class rclcpp::Time[m[K’ has no member named ‘[01m[KtoSec[m[K’
[1.371s]   136 |             if (current_time.[01;31m[KtoSec[m[K() > latency_duration.toSec())
[1.371s]       |                              [01;31m[K^~~~~[m[K
[1.371s] [01m[K/home/zixuanh/vicon_ws/src/lightweight_vicon_bridge/src/lightweight_vicon_bridge_node.cpp:136:57:[m[K [01;31m[Kerror: [m[K‘[01m[Kconst class rclcpp::Duration[m[K’ has no member named ‘[01m[KtoSec[m[K’
[1.371s]   136 |             if (current_time.toSec() > latency_duration.[01;31m[KtoSec[m[K())
[1.371s]       |                                                         [01;31m[K^~~~~[m[K
[1.371s] [01m[K/home/zixuanh/vicon_ws/src/lightweight_vicon_bridge/src/lightweight_vicon_bridge_node.cpp:186:43:[m[K [01;31m[Kerror: [m[K‘[01m[Kusing _tracked_objects_type = struct lightweight_vicon_bridge::msg::MocapObject_<std::allocator<void> >[m[K’ {aka ‘[01m[Kstruct lightweight_vicon_bridge::msg::MocapObject_<std::allocator<void> >[m[K’} has no member named ‘[01m[Kpush_back[m[K’
[1.371s]   186 |                 state_msg.tracked_objects.[01;31m[Kpush_back[m[K(object_msg);
[1.371s]       |                                           [01;31m[K^~~~~~~~~[m[K
[1.743s] gmake[2]: *** [CMakeFiles/lightweight_vicon_bridge_node.dir/build.make:76: CMakeFiles/lightweight_vicon_bridge_node.dir/src/lightweight_vicon_bridge_node.cpp.o] Error 1
[1.743s] gmake[1]: *** [CMakeFiles/Makefile2:593: CMakeFiles/lightweight_vicon_bridge_node.dir/all] Error 2
[1.743s] gmake: *** [Makefile:146: all] Error 2
[1.745s] Invoked command in '/home/zixuanh/vicon_ws/src/lightweight_vicon_bridge/build/lightweight_vicon_bridge' returned '2': CMAKE_PREFIX_PATH=${CMAKE_PREFIX_PATH}:/opt/ros/humble /usr/bin/cmake --build /home/zixuanh/vicon_ws/src/lightweight_vicon_bridge/build/lightweight_vicon_bridge -- -j16 -l16
