[0.501s] DEBUG:colcon:Command line arguments: ['/usr/bin/colcon', 'build']
[0.501s] DEBUG:colcon:Parsed command line arguments: Namespace(log_base=None, log_level=None, verb_name='build', build_base='build', install_base='install', merge_install=False, symlink_install=False, test_result_base=None, continue_on_error=False, executor='parallel', parallel_workers=16, event_handlers=None, ignore_user_meta=False, metas=['./colcon.meta'], base_paths=['.'], packages_ignore=None, packages_ignore_regex=None, paths=None, packages_up_to=None, packages_up_to_regex=None, packages_above=None, packages_above_and_dependencies=None, packages_above_depth=None, packages_select_by_dep=None, packages_skip_by_dep=None, packages_skip_up_to=None, packages_select_build_failed=False, packages_skip_build_finished=False, packages_select_test_failures=False, packages_skip_test_passed=False, packages_select=None, packages_skip=None, packages_select_regex=None, packages_skip_regex=None, packages_start=None, packages_end=None, allow_overriding=[], cmake_args=None, cmake_target=None, cmake_target_skip_unavailable=False, cmake_clean_cache=False, cmake_clean_first=False, cmake_force_configure=False, ament_cmake_args=None, catkin_cmake_args=None, catkin_skip_building_tests=False, verb_parser=<colcon_defaults.argument_parser.defaults.DefaultArgumentsDecorator object at 0x7f4fc3649c90>, verb_extension=<colcon_core.verb.build.BuildVerb object at 0x7f4fc364b670>, main=<bound method BuildVerb.main of <colcon_core.verb.build.BuildVerb object at 0x7f4fc364b670>>)
[0.525s] Level 1:colcon.colcon_core.package_discovery:discover_packages(colcon_meta) check parameters
[0.525s] Level 1:colcon.colcon_core.package_discovery:discover_packages(recursive) check parameters
[0.525s] Level 1:colcon.colcon_core.package_discovery:discover_packages(ignore) check parameters
[0.525s] Level 1:colcon.colcon_core.package_discovery:discover_packages(path) check parameters
[0.525s] Level 1:colcon.colcon_core.package_discovery:discover_packages(colcon_meta) discover
[0.525s] Level 1:colcon.colcon_core.package_discovery:discover_packages(recursive) discover
[0.525s] INFO:colcon.colcon_core.package_discovery:Crawling recursively for packages in '/home/zixuanh/vicon_ws/src/lightweight_vicon_bridge'
[0.525s] Level 1:colcon.colcon_core.package_identification:_identify(.) by extensions ['ignore', 'ignore_ament_install']
[0.525s] Level 1:colcon.colcon_core.package_identification:_identify(.) by extension 'ignore'
[0.525s] Level 1:colcon.colcon_core.package_identification:_identify(.) by extension 'ignore_ament_install'
[0.525s] Level 1:colcon.colcon_core.package_identification:_identify(.) by extensions ['colcon_pkg']
[0.525s] Level 1:colcon.colcon_core.package_identification:_identify(.) by extension 'colcon_pkg'
[0.525s] Level 1:colcon.colcon_core.package_identification:_identify(.) by extensions ['colcon_meta']
[0.525s] Level 1:colcon.colcon_core.package_identification:_identify(.) by extension 'colcon_meta'
[0.525s] Level 1:colcon.colcon_core.package_identification:_identify(.) by extensions ['ros']
[0.525s] Level 1:colcon.colcon_core.package_identification:_identify(.) by extension 'ros'
[0.532s] DEBUG:colcon.colcon_core.package_identification:Package '.' with type 'ros.ament_cmake' and name 'lightweight_vicon_bridge'
[0.532s] Level 1:colcon.colcon_core.package_discovery:discover_packages(recursive) using defaults
[0.532s] Level 1:colcon.colcon_core.package_discovery:discover_packages(ignore) discover
[0.532s] Level 1:colcon.colcon_core.package_discovery:discover_packages(ignore) using defaults
[0.532s] Level 1:colcon.colcon_core.package_discovery:discover_packages(path) discover
[0.532s] Level 1:colcon.colcon_core.package_discovery:discover_packages(path) using defaults
[0.581s] Level 1:colcon.colcon_core.package_discovery:discover_packages(prefix_path) check parameters
[0.581s] Level 1:colcon.colcon_core.package_discovery:discover_packages(prefix_path) discover
[0.596s] DEBUG:colcon.colcon_installed_package_information.package_discovery:Found 1 installed packages in /home/zixuanh/vicon_ws/install
[0.603s] DEBUG:colcon.colcon_installed_package_information.package_discovery:Found 270 installed packages in /opt/ros/humble
[0.604s] Level 1:colcon.colcon_core.package_discovery:discover_packages(prefix_path) using defaults
[0.650s] Level 5:colcon.colcon_core.verb:set package 'lightweight_vicon_bridge' build argument 'cmake_args' from command line to 'None'
[0.650s] Level 5:colcon.colcon_core.verb:set package 'lightweight_vicon_bridge' build argument 'cmake_target' from command line to 'None'
[0.650s] Level 5:colcon.colcon_core.verb:set package 'lightweight_vicon_bridge' build argument 'cmake_target_skip_unavailable' from command line to 'False'
[0.650s] Level 5:colcon.colcon_core.verb:set package 'lightweight_vicon_bridge' build argument 'cmake_clean_cache' from command line to 'False'
[0.650s] Level 5:colcon.colcon_core.verb:set package 'lightweight_vicon_bridge' build argument 'cmake_clean_first' from command line to 'False'
[0.650s] Level 5:colcon.colcon_core.verb:set package 'lightweight_vicon_bridge' build argument 'cmake_force_configure' from command line to 'False'
[0.650s] Level 5:colcon.colcon_core.verb:set package 'lightweight_vicon_bridge' build argument 'ament_cmake_args' from command line to 'None'
[0.650s] Level 5:colcon.colcon_core.verb:set package 'lightweight_vicon_bridge' build argument 'catkin_cmake_args' from command line to 'None'
[0.650s] Level 5:colcon.colcon_core.verb:set package 'lightweight_vicon_bridge' build argument 'catkin_skip_building_tests' from command line to 'False'
[0.650s] DEBUG:colcon.colcon_core.verb:Building package 'lightweight_vicon_bridge' with the following arguments: {'ament_cmake_args': None, 'build_base': '/home/zixuanh/vicon_ws/src/lightweight_vicon_bridge/build/lightweight_vicon_bridge', 'catkin_cmake_args': None, 'catkin_skip_building_tests': False, 'cmake_args': None, 'cmake_clean_cache': False, 'cmake_clean_first': False, 'cmake_force_configure': False, 'cmake_target': None, 'cmake_target_skip_unavailable': False, 'install_base': '/home/zixuanh/vicon_ws/src/lightweight_vicon_bridge/install/lightweight_vicon_bridge', 'merge_install': False, 'path': '/home/zixuanh/vicon_ws/src/lightweight_vicon_bridge', 'symlink_install': False, 'test_result_base': None}
[0.657s] INFO:colcon.colcon_core.executor:Executing jobs using 'parallel' executor
[0.664s] DEBUG:colcon.colcon_parallel_executor.executor.parallel:run_until_complete
[0.664s] INFO:colcon.colcon_ros.task.ament_cmake.build:Building ROS package in '/home/zixuanh/vicon_ws/src/lightweight_vicon_bridge' with build type 'ament_cmake'
[0.664s] INFO:colcon.colcon_cmake.task.cmake.build:Building CMake package in '/home/zixuanh/vicon_ws/src/lightweight_vicon_bridge'
[0.673s] INFO:colcon.colcon_core.plugin_system:Skipping extension 'colcon_core.shell.bat': Not used on non-Windows systems
[0.673s] INFO:colcon.colcon_core.shell:Skip shell extension 'powershell' for command environment: Not usable outside of PowerShell
[0.673s] DEBUG:colcon.colcon_core.shell:Skip shell extension 'dsv' for command environment
[0.701s] DEBUG:colcon.colcon_core.event_handler.log_command:Invoking command in '/home/zixuanh/vicon_ws/src/lightweight_vicon_bridge/build/lightweight_vicon_bridge': CMAKE_PREFIX_PATH=${CMAKE_PREFIX_PATH}:/opt/ros/humble /usr/bin/cmake /home/zixuanh/vicon_ws/src/lightweight_vicon_bridge -DCMAKE_INSTALL_PREFIX=/home/zixuanh/vicon_ws/src/lightweight_vicon_bridge/install/lightweight_vicon_bridge
[2.012s] DEBUG:colcon.colcon_core.event_handler.log_command:Invoked command in '/home/zixuanh/vicon_ws/src/lightweight_vicon_bridge/build/lightweight_vicon_bridge' returned '0': CMAKE_PREFIX_PATH=${CMAKE_PREFIX_PATH}:/opt/ros/humble /usr/bin/cmake /home/zixuanh/vicon_ws/src/lightweight_vicon_bridge -DCMAKE_INSTALL_PREFIX=/home/zixuanh/vicon_ws/src/lightweight_vicon_bridge/install/lightweight_vicon_bridge
[2.013s] DEBUG:colcon.colcon_core.event_handler.log_command:Invoking command in '/home/zixuanh/vicon_ws/src/lightweight_vicon_bridge/build/lightweight_vicon_bridge': CMAKE_PREFIX_PATH=${CMAKE_PREFIX_PATH}:/opt/ros/humble /usr/bin/cmake --build /home/zixuanh/vicon_ws/src/lightweight_vicon_bridge/build/lightweight_vicon_bridge -- -j16 -l16
[4.504s] DEBUG:colcon.colcon_core.event_handler.log_command:Invoked command in '/home/zixuanh/vicon_ws/src/lightweight_vicon_bridge/build/lightweight_vicon_bridge' returned '2': CMAKE_PREFIX_PATH=${CMAKE_PREFIX_PATH}:/opt/ros/humble /usr/bin/cmake --build /home/zixuanh/vicon_ws/src/lightweight_vicon_bridge/build/lightweight_vicon_bridge -- -j16 -l16
[4.583s] Level 1:colcon.colcon_core.environment:create_environment_scripts_only(lightweight_vicon_bridge)
[4.598s] Level 1:colcon.colcon_core.environment:checking '/home/zixuanh/vicon_ws/src/lightweight_vicon_bridge/install/lightweight_vicon_bridge' for CMake module files
[4.598s] Level 1:colcon.colcon_core.environment:checking '/home/zixuanh/vicon_ws/src/lightweight_vicon_bridge/install/lightweight_vicon_bridge' for CMake config files
[4.599s] Level 1:colcon.colcon_core.environment:checking '/home/zixuanh/vicon_ws/src/lightweight_vicon_bridge/install/lightweight_vicon_bridge/bin'
[4.599s] Level 1:colcon.colcon_core.environment:checking '/home/zixuanh/vicon_ws/src/lightweight_vicon_bridge/install/lightweight_vicon_bridge/lib/pkgconfig/lightweight_vicon_bridge.pc'
[4.599s] Level 1:colcon.colcon_core.environment:checking '/home/zixuanh/vicon_ws/src/lightweight_vicon_bridge/install/lightweight_vicon_bridge/lib/python3.10/site-packages'
[4.599s] Level 1:colcon.colcon_core.environment:checking '/home/zixuanh/vicon_ws/src/lightweight_vicon_bridge/install/lightweight_vicon_bridge/bin'
[4.611s] INFO:colcon.colcon_core.shell:Creating package script '/home/zixuanh/vicon_ws/src/lightweight_vicon_bridge/install/lightweight_vicon_bridge/share/lightweight_vicon_bridge/package.ps1'
[4.612s] INFO:colcon.colcon_core.shell:Creating package descriptor '/home/zixuanh/vicon_ws/src/lightweight_vicon_bridge/install/lightweight_vicon_bridge/share/lightweight_vicon_bridge/package.dsv'
[4.612s] INFO:colcon.colcon_core.shell:Creating package script '/home/zixuanh/vicon_ws/src/lightweight_vicon_bridge/install/lightweight_vicon_bridge/share/lightweight_vicon_bridge/package.sh'
[4.613s] INFO:colcon.colcon_core.shell:Creating package script '/home/zixuanh/vicon_ws/src/lightweight_vicon_bridge/install/lightweight_vicon_bridge/share/lightweight_vicon_bridge/package.bash'
[4.613s] INFO:colcon.colcon_core.shell:Creating package script '/home/zixuanh/vicon_ws/src/lightweight_vicon_bridge/install/lightweight_vicon_bridge/share/lightweight_vicon_bridge/package.zsh'
[4.614s] Level 1:colcon.colcon_core.environment:create_file_with_runtime_dependencies(/home/zixuanh/vicon_ws/src/lightweight_vicon_bridge/install/lightweight_vicon_bridge/share/colcon-core/packages/lightweight_vicon_bridge)
[4.624s] DEBUG:colcon.colcon_parallel_executor.executor.parallel:closing loop
[4.625s] DEBUG:colcon.colcon_parallel_executor.executor.parallel:loop closed
[4.625s] DEBUG:colcon.colcon_parallel_executor.executor.parallel:run_until_complete finished with '2'
[4.625s] DEBUG:colcon.colcon_core.event_reactor:joining thread
[4.640s] INFO:colcon.colcon_core.plugin_system:Skipping extension 'colcon_notification.desktop_notification.terminal_notifier': Not used on non-Darwin systems
[4.641s] INFO:colcon.colcon_core.plugin_system:Skipping extension 'colcon_notification.desktop_notification.win32': Not used on non-Windows systems
[4.641s] INFO:colcon.colcon_notification.desktop_notification:Sending desktop notification using 'notify2'
[4.657s] DEBUG:colcon.colcon_core.event_reactor:joined thread
[4.668s] INFO:colcon.colcon_core.shell:Creating prefix script '/home/zixuanh/vicon_ws/src/lightweight_vicon_bridge/install/local_setup.ps1'
[4.669s] INFO:colcon.colcon_core.shell:Creating prefix util module '/home/zixuanh/vicon_ws/src/lightweight_vicon_bridge/install/_local_setup_util_ps1.py'
[4.670s] INFO:colcon.colcon_core.shell:Creating prefix chain script '/home/zixuanh/vicon_ws/src/lightweight_vicon_bridge/install/setup.ps1'
[4.682s] INFO:colcon.colcon_core.shell:Creating prefix script '/home/zixuanh/vicon_ws/src/lightweight_vicon_bridge/install/local_setup.sh'
[4.683s] INFO:colcon.colcon_core.shell:Creating prefix util module '/home/zixuanh/vicon_ws/src/lightweight_vicon_bridge/install/_local_setup_util_sh.py'
[4.683s] INFO:colcon.colcon_core.shell:Creating prefix chain script '/home/zixuanh/vicon_ws/src/lightweight_vicon_bridge/install/setup.sh'
[4.716s] INFO:colcon.colcon_core.shell:Creating prefix script '/home/zixuanh/vicon_ws/src/lightweight_vicon_bridge/install/local_setup.bash'
[4.717s] INFO:colcon.colcon_core.shell:Creating prefix chain script '/home/zixuanh/vicon_ws/src/lightweight_vicon_bridge/install/setup.bash'
[4.728s] INFO:colcon.colcon_core.shell:Creating prefix script '/home/zixuanh/vicon_ws/src/lightweight_vicon_bridge/install/local_setup.zsh'
[4.729s] INFO:colcon.colcon_core.shell:Creating prefix chain script '/home/zixuanh/vicon_ws/src/lightweight_vicon_bridge/install/setup.zsh'
