[01m[K/home/zixuanh/vicon_ws/src/lightweight_vicon_bridge/src/lightweight_vicon_bridge_node.cpp:[m[K In function ‘[01m[Kint main(int, char**)[m[K’:
[01m[K/home/zixuanh/vicon_ws/src/lightweight_vicon_bridge/src/lightweight_vicon_bridge_node.cpp:82:9:[m[K [01;31m[Kerror: [m[K‘[01m[KROS_FATAL[m[K’ was not declared in this scope
   82 |         [01;31m[KROS_FATAL[m[K("Invalid stream mode %s, valid options are ServerPush, ClientPullPreFetch, and ClientPull", stream_mode.c_str());
      |         [01;31m[K^~~~~~~~~[m[K
[01m[K/home/zixuanh/vicon_ws/src/lightweight_vicon_bridge/src/lightweight_vicon_bridge_node.cpp:87:5:[m[K [01;31m[Kerror: [m[K‘[01m[KROS_INFO[m[K’ was not declared in this scope
   87 |     [01;31m[KROS_INFO[m[K("Connecting to Vicon Tracker (DataStream SDK) at hostname %s", tracker_hostname.c_str());
      |     [01;31m[K^~~~~~~~[m[K
[01m[K/home/zixuanh/vicon_ws/src/lightweight_vicon_bridge/src/lightweight_vicon_bridge_node.cpp:89:5:[m[K [01;31m[Kerror: [m[K‘[01m[Kros[m[K’ has not been declared
   89 |     [01;31m[Kros[m[K::Publisher mocap_pub = nh.advertise<lightweight_vicon_bridge::MocapState>(tracker_topic, 1, false);
      |     [01;31m[K^~~[m[K
[01m[K/home/zixuanh/vicon_ws/src/lightweight_vicon_bridge/src/lightweight_vicon_bridge_node.cpp:95:51:[m[K [01;31m[Kerror: [m[K‘[01m[Kros[m[K’ has not been declared
   95 |     while (!sdk_client.IsConnected().Connected && [01;31m[Kros[m[K::ok())
      |                                                   [01;31m[K^~~[m[K
[01m[K/home/zixuanh/vicon_ws/src/lightweight_vicon_bridge/src/lightweight_vicon_bridge_node.cpp:97:9:[m[K [01;31m[Kerror: [m[K‘[01m[KROS_WARN[m[K’ was not declared in this scope
   97 |         [01;31m[KROS_WARN[m[K("...taking a while to connect, trying again...");
      |         [01;31m[K^~~~~~~~[m[K
[01m[K/home/zixuanh/vicon_ws/src/lightweight_vicon_bridge/src/lightweight_vicon_bridge_node.cpp:121:9:[m[K [01;31m[Kerror: [m[K‘[01m[KROS_FATAL[m[K’ was not declared in this scope
  121 |         [01;31m[KROS_FATAL[m[K("Invalid stream mode");
      |         [01;31m[K^~~~~~~~~[m[K
[01m[K/home/zixuanh/vicon_ws/src/lightweight_vicon_bridge/src/lightweight_vicon_bridge_node.cpp:126:12:[m[K [01;31m[Kerror: [m[K‘[01m[Kros[m[K’ has not been declared
  126 |     while ([01;31m[Kros[m[K::ok())
      |            [01;31m[K^~~[m[K
[01m[K/home/zixuanh/vicon_ws/src/lightweight_vicon_bridge/src/lightweight_vicon_bridge_node.cpp:132:19:[m[K [01;31m[Kerror: [m[K‘[01m[Kros[m[K’ does not name a type
  132 |             const [01;31m[Kros[m[K::Duration latency_duration(total_latency);
      |                   [01;31m[K^~~[m[K
[01m[K/home/zixuanh/vicon_ws/src/lightweight_vicon_bridge/src/lightweight_vicon_bridge_node.cpp:133:19:[m[K [01;31m[Kerror: [m[K‘[01m[Kros[m[K’ does not name a type
  133 |             const [01;31m[Kros[m[K::Time current_time = ros::Time::now();
      |                   [01;31m[K^~~[m[K
[01m[K/home/zixuanh/vicon_ws/src/lightweight_vicon_bridge/src/lightweight_vicon_bridge_node.cpp:134:13:[m[K [01;31m[Kerror: [m[K‘[01m[Kros[m[K’ has not been declared
  134 |             [01;31m[Kros[m[K::Time raw_frame_time(0.0);
      |             [01;31m[K^~~[m[K
[01m[K/home/zixuanh/vicon_ws/src/lightweight_vicon_bridge/src/lightweight_vicon_bridge_node.cpp:135:17:[m[K [01;31m[Kerror: [m[K‘[01m[Kcurrent_time[m[K’ was not declared in this scope
  135 |             if ([01;31m[Kcurrent_time[m[K.toSec() > latency_duration.toSec())
      |                 [01;31m[K^~~~~~~~~~~~[m[K
[01m[K/home/zixuanh/vicon_ws/src/lightweight_vicon_bridge/src/lightweight_vicon_bridge_node.cpp:135:40:[m[K [01;31m[Kerror: [m[K‘[01m[Klatency_duration[m[K’ was not declared in this scope
  135 |             if (current_time.toSec() > [01;31m[Klatency_duration[m[K.toSec())
      |                                        [01;31m[K^~~~~~~~~~~~~~~~[m[K
[01m[K/home/zixuanh/vicon_ws/src/lightweight_vicon_bridge/src/lightweight_vicon_bridge_node.cpp:137:17:[m[K [01;31m[Kerror: [m[K‘[01m[Kraw_frame_time[m[K’ was not declared in this scope
  137 |                 [01;31m[Kraw_frame_time[m[K = current_time - latency_duration;
      |                 [01;31m[K^~~~~~~~~~~~~~[m[K
[01m[K/home/zixuanh/vicon_ws/src/lightweight_vicon_bridge/src/lightweight_vicon_bridge_node.cpp:141:17:[m[K [01;31m[Kerror: [m[K‘[01m[KROS_WARN[m[K’ was not declared in this scope
  141 |                 [01;31m[KROS_WARN[m[K("(INVALID FRAME TIME) Latency estimate is greater than current time, leaving time at zero");
      |                 [01;31m[K^~~~~~~~[m[K
[01m[K/home/zixuanh/vicon_ws/src/lightweight_vicon_bridge/src/lightweight_vicon_bridge_node.cpp:143:19:[m[K [01;31m[Kerror: [m[K‘[01m[Kros[m[K’ does not name a type
  143 |             const [01;31m[Kros[m[K::Time frame_time = raw_frame_time;
      |                   [01;31m[K^~~[m[K
[01m[K/home/zixuanh/vicon_ws/src/lightweight_vicon_bridge/src/lightweight_vicon_bridge_node.cpp:144:39:[m[K [01;31m[Kerror: [m[K‘[01m[KMocapState[m[K’ is not a member of ‘[01m[Klightweight_vicon_bridge[m[K’; did you mean ‘[01m[Klightweight_vicon_bridge::msg::MocapState[m[K’?
  144 |             lightweight_vicon_bridge::[01;31m[KMocapState[m[K state_msg;
      |                                       [01;31m[K^~~~~~~~~~[m[K
In file included from [01m[K/home/zixuanh/vicon_ws/src/lightweight_vicon_bridge/build/lightweight_vicon_bridge/rosidl_generator_cpp/lightweight_vicon_bridge/msg/mocap_state.hpp:7[m[K,
                 from [01m[K/home/zixuanh/vicon_ws/src/lightweight_vicon_bridge/src/lightweight_vicon_bridge_node.cpp:11[m[K:
[01m[K/home/zixuanh/vicon_ws/src/lightweight_vicon_bridge/build/lightweight_vicon_bridge/rosidl_generator_cpp/lightweight_vicon_bridge/msg/detail/mocap_state__struct.hpp:156:7:[m[K [01;36m[Knote: [m[K‘[01m[Klightweight_vicon_bridge::msg::MocapState[m[K’ declared here
  156 | using [01;36m[KMocapState[m[K =
      |       [01;36m[K^~~~~~~~~~[m[K
[01m[K/home/zixuanh/vicon_ws/src/lightweight_vicon_bridge/src/lightweight_vicon_bridge_node.cpp:145:13:[m[K [01;31m[Kerror: [m[K‘[01m[Kstate_msg[m[K’ was not declared in this scope
  145 |             [01;31m[Kstate_msg[m[K.header.frame_id = tracker_frame_name;
      |             [01;31m[K^~~~~~~~~[m[K
[01m[K/home/zixuanh/vicon_ws/src/lightweight_vicon_bridge/src/lightweight_vicon_bridge_node.cpp:146:38:[m[K [01;31m[Kerror: [m[K‘[01m[Kframe_time[m[K’ was not declared in this scope
  146 |             state_msg.header.stamp = [01;31m[Kframe_time[m[K;
      |                                      [01;31m[K^~~~~~~~~~[m[K
[01m[K/home/zixuanh/vicon_ws/src/lightweight_vicon_bridge/src/lightweight_vicon_bridge_node.cpp:153:43:[m[K [01;31m[Kerror: [m[K‘[01m[KMocapObject[m[K’ is not a member of ‘[01m[Klightweight_vicon_bridge[m[K’; did you mean ‘[01m[Klightweight_vicon_bridge::msg::MocapObject[m[K’?
  153 |                 lightweight_vicon_bridge::[01;31m[KMocapObject[m[K object_msg;
      |                                           [01;31m[K^~~~~~~~~~~[m[K
In file included from [01m[K/home/zixuanh/vicon_ws/src/lightweight_vicon_bridge/build/lightweight_vicon_bridge/rosidl_generator_cpp/lightweight_vicon_bridge/msg/detail/mocap_state__struct.hpp:22[m[K,
                 from [01m[K/home/zixuanh/vicon_ws/src/lightweight_vicon_bridge/build/lightweight_vicon_bridge/rosidl_generator_cpp/lightweight_vicon_bridge/msg/mocap_state.hpp:7[m[K,
                 from [01m[K/home/zixuanh/vicon_ws/src/lightweight_vicon_bridge/src/lightweight_vicon_bridge_node.cpp:11[m[K:
[01m[K/home/zixuanh/vicon_ws/src/lightweight_vicon_bridge/build/lightweight_vicon_bridge/rosidl_generator_cpp/lightweight_vicon_bridge/msg/detail/mocap_object__struct.hpp:138:7:[m[K [01;36m[Knote: [m[K‘[01m[Klightweight_vicon_bridge::msg::MocapObject[m[K’ declared here
  138 | using [01;36m[KMocapObject[m[K =
      |       [01;36m[K^~~~~~~~~~~[m[K
[01m[K/home/zixuanh/vicon_ws/src/lightweight_vicon_bridge/src/lightweight_vicon_bridge_node.cpp:154:17:[m[K [01;31m[Kerror: [m[K‘[01m[Kobject_msg[m[K’ was not declared in this scope; did you mean ‘[01m[Kobjects[m[K’?
  154 |                 [01;31m[Kobject_msg[m[K.name = object_name;
      |                 [01;31m[K^~~~~~~~~~[m[K
      |                 [32m[Kobjects[m[K
[01m[K/home/zixuanh/vicon_ws/src/lightweight_vicon_bridge/src/lightweight_vicon_bridge_node.cpp:162:47:[m[K [01;31m[Kerror: [m[K‘[01m[KMocapSegment[m[K’ is not a member of ‘[01m[Klightweight_vicon_bridge[m[K’; did you mean ‘[01m[Klightweight_vicon_bridge::msg::MocapSegment[m[K’?
  162 |                     lightweight_vicon_bridge::[01;31m[KMocapSegment[m[K segment_msg;
      |                                               [01;31m[K^~~~~~~~~~~~[m[K
In file included from [01m[K/home/zixuanh/vicon_ws/src/lightweight_vicon_bridge/build/lightweight_vicon_bridge/rosidl_generator_cpp/lightweight_vicon_bridge/msg/detail/mocap_object__struct.hpp:20[m[K,
                 from [01m[K/home/zixuanh/vicon_ws/src/lightweight_vicon_bridge/build/lightweight_vicon_bridge/rosidl_generator_cpp/lightweight_vicon_bridge/msg/detail/mocap_state__struct.hpp:22[m[K,
                 from [01m[K/home/zixuanh/vicon_ws/src/lightweight_vicon_bridge/build/lightweight_vicon_bridge/rosidl_generator_cpp/lightweight_vicon_bridge/msg/mocap_state.hpp:7[m[K,
                 from [01m[K/home/zixuanh/vicon_ws/src/lightweight_vicon_bridge/src/lightweight_vicon_bridge_node.cpp:11[m[K:
[01m[K/home/zixuanh/vicon_ws/src/lightweight_vicon_bridge/build/lightweight_vicon_bridge/rosidl_generator_cpp/lightweight_vicon_bridge/msg/detail/mocap_segment__struct.hpp:154:7:[m[K [01;36m[Knote: [m[K‘[01m[Klightweight_vicon_bridge::msg::MocapSegment[m[K’ declared here
  154 | using [01;36m[KMocapSegment[m[K =
      |       [01;36m[K^~~~~~~~~~~~[m[K
[01m[K/home/zixuanh/vicon_ws/src/lightweight_vicon_bridge/src/lightweight_vicon_bridge_node.cpp:163:21:[m[K [01;31m[Kerror: [m[K‘[01m[Ksegment_msg[m[K’ was not declared in this scope; did you mean ‘[01m[Ksegments[m[K’?
  163 |                     [01;31m[Ksegment_msg[m[K.name = segment_name;
      |                     [01;31m[K^~~~~~~~~~~[m[K
      |                     [32m[Ksegments[m[K
[01m[K/home/zixuanh/vicon_ws/src/lightweight_vicon_bridge/src/lightweight_vicon_bridge_node.cpp:188:13:[m[K [01;31m[Kerror: [m[K‘[01m[Kmocap_pub[m[K’ was not declared in this scope
  188 |             [01;31m[Kmocap_pub[m[K.publish(state_msg);
      |             [01;31m[K^~~~~~~~~[m[K
[01m[K/home/zixuanh/vicon_ws/src/lightweight_vicon_bridge/src/lightweight_vicon_bridge_node.cpp:131:26:[m[K [01;35m[Kwarning: [m[Kunused variable ‘[01m[Ktotal_latency[m[K’ [[01;35m[K]8;;https://gcc.gnu.org/onlinedocs/gcc/Warning-Options.html#index-Wunused-variable-Wunused-variable]8;;[m[K]
  131 |             const double [01;35m[Ktotal_latency[m[K = sdk_client.GetLatencyTotal().Total;
      |                          [01;35m[K^~~~~~~~~~~~~[m[K
[01m[K/home/zixuanh/vicon_ws/src/lightweight_vicon_bridge/src/lightweight_vicon_bridge_node.cpp:191:9:[m[K [01;31m[Kerror: [m[K‘[01m[Kros[m[K’ has not been declared
  191 |         [01;31m[Kros[m[K::spinOnce();
      |         [01;31m[K^~~[m[K
gmake[2]: *** [CMakeFiles/lightweight_vicon_bridge_node.dir/build.make:76: CMakeFiles/lightweight_vicon_bridge_node.dir/src/lightweight_vicon_bridge_node.cpp.o] Error 1
gmake[1]: *** [CMakeFiles/Makefile2:593: CMakeFiles/lightweight_vicon_bridge_node.dir/all] Error 2
gmake: *** [Makefile:146: all] Error 2
