-- The C compiler identification is GNU 11.4.0
-- The CXX compiler identification is GNU 11.4.0
-- Detecting C compiler ABI info
-- Detecting C compiler ABI info - done
-- Check for working C compiler: /usr/bin/cc - skipped
-- Detecting C compile features
-- Detecting C compile features - done
-- Detecting CXX compiler ABI info
-- Detecting CXX compiler ABI info - done
-- Check for working CXX compiler: /usr/bin/c++ - skipped
-- Detecting CXX compile features
-- Detecting CXX compile features - done
-- Found ament_cmake: 1.3.5 (/opt/ros/humble/share/ament_cmake/cmake)
-- Found Python3: /usr/bin/python3.10 (found version "3.10.12") found components: Interpreter 
-- Found rosidl_default_generators: 1.2.0 (/opt/ros/humble/share/rosidl_default_generators/cmake)
-- Using all available rosidl_typesupport_c: rosidl_typesupport_fastrtps_c;rosidl_typesupport_introspection_c
-- Found rosidl_adapter: 3.1.5 (/opt/ros/humble/share/rosidl_adapter/cmake)
-- Using all available rosidl_typesupport_cpp: rosidl_typesupport_fastrtps_cpp;rosidl_typesupport_introspection_cpp
-- Found geometry_msgs: 4.2.3 (/opt/ros/humble/share/geometry_msgs/cmake)
-- Found rclcpp: 16.0.6 (/opt/ros/humble/share/rclcpp/cmake)
-- Found rmw_implementation_cmake: 6.1.1 (/opt/ros/humble/share/rmw_implementation_cmake/cmake)
-- Found rmw_fastrtps_cpp: 6.2.4 (/opt/ros/humble/share/rmw_fastrtps_cpp/cmake)
-- Found OpenSSL: /usr/lib/x86_64-linux-gnu/libcrypto.so (found version "3.0.2")  
-- Found FastRTPS: /opt/ros/humble/include  
-- Using RMW implementation 'rmw_fastrtps_cpp' as default
-- Looking for pthread.h
-- Looking for pthread.h - found
-- Performing Test CMAKE_HAVE_LIBC_PTHREAD
-- Performing Test CMAKE_HAVE_LIBC_PTHREAD - Success
-- Found Threads: TRUE  
-- Found ament_cmake_ros: 0.10.0 (/opt/ros/humble/share/ament_cmake_ros/cmake)
-- Using all available rosidl_typesupport_c: rosidl_typesupport_fastrtps_c;rosidl_typesupport_introspection_c
-- Using all available rosidl_typesupport_cpp: rosidl_typesupport_fastrtps_cpp;rosidl_typesupport_introspection_cpp
-- Found PythonInterp: /usr/bin/python3 (found suitable version "3.10.12", minimum required is "3.6") 
-- Found python_cmake_module: 0.10.0 (/opt/ros/humble/share/python_cmake_module/cmake)
-- Found PythonLibs: /usr/lib/x86_64-linux-gnu/libpython3.10.so (found suitable version "3.10.12", minimum required is "3.5") 
-- Using PYTHON_EXECUTABLE: /usr/bin/python3
-- Using PYTHON_INCLUDE_DIRS: /usr/include/python3.10
-- Using PYTHON_LIBRARIES: /usr/lib/x86_64-linux-gnu/libpython3.10.so
-- Found PythonExtra: .so  
-- Found ament_lint_auto: 0.12.8 (/opt/ros/humble/share/ament_lint_auto/cmake)
-- Added test 'cppcheck' to perform static code analysis on C / C++ code
-- Configured cppcheck include dirs: /home/zixuanh/vicon_ws/src/lightweight_vicon_bridge/include;/home/zixuanh/vicon_ws/src/lightweight_vicon_bridge/vicon_sdk/x64;$<BUILD_INTERFACE:/home/zixuanh/vicon_ws/src/lightweight_vicon_bridge/build/lightweight_vicon_bridge/rosidl_generator_c>;$<BUILD_INTERFACE:/home/zixuanh/vicon_ws/src/lightweight_vicon_bridge/build/lightweight_vicon_bridge/rosidl_typesupport_fastrtps_c>;$<BUILD_INTERFACE:/home/zixuanh/vicon_ws/src/lightweight_vicon_bridge/build/lightweight_vicon_bridge/rosidl_typesupport_introspection_c>;$<BUILD_INTERFACE:/home/zixuanh/vicon_ws/src/lightweight_vicon_bridge/build/lightweight_vicon_bridge/rosidl_generator_cpp>;$<BUILD_INTERFACE:/home/zixuanh/vicon_ws/src/lightweight_vicon_bridge/build/lightweight_vicon_bridge/rosidl_typesupport_fastrtps_cpp>;$<BUILD_INTERFACE:/home/zixuanh/vicon_ws/src/lightweight_vicon_bridge/build/lightweight_vicon_bridge/rosidl_typesupport_introspection_cpp>;/home/zixuanh/vicon_ws/src/lightweight_vicon_bridge/build/lightweight_vicon_bridge/rosidl_generator_c;/home/zixuanh/vicon_ws/src/lightweight_vicon_bridge/build/lightweight_vicon_bridge/rosidl_generator_py
-- Configured cppcheck exclude dirs and/or files: 
-- Added test 'flake8' to check Python code syntax and style conventions
-- Added test 'lint_cmake' to check CMake code style
-- Added test 'pep257' to check Python code against some of the docstring style conventions in PEP 257
-- Added test 'uncrustify' to check C / C++ code style
-- Configured uncrustify additional arguments: 
-- Added test 'xmllint' to check XML markup files
-- Configuring done
-- Generating done
-- Build files have been written to: /home/zixuanh/vicon_ws/src/lightweight_vicon_bridge/build/lightweight_vicon_bridge
[  1%] [34m[1mGenerating C code for ROS interfaces[0m
[  3%] [34m[1mGenerating C++ code for ROS interfaces[0m
[  3%] Built target ament_cmake_python_copy_lightweight_vicon_bridge
running egg_info
creating lightweight_vicon_bridge.egg-info
writing lightweight_vicon_bridge.egg-info/PKG-INFO
writing dependency_links to lightweight_vicon_bridge.egg-info/dependency_links.txt
writing top-level names to lightweight_vicon_bridge.egg-info/top_level.txt
writing manifest file 'lightweight_vicon_bridge.egg-info/SOURCES.txt'
reading manifest file 'lightweight_vicon_bridge.egg-info/SOURCES.txt'
writing manifest file 'lightweight_vicon_bridge.egg-info/SOURCES.txt'
[  3%] Built target ament_cmake_python_build_lightweight_vicon_bridge_egg
[  3%] Built target lightweight_vicon_bridge__cpp
[  4%] [34m[1mGenerating C++ introspection for ROS interfaces[0m
[  6%] [34m[1mGenerating C++ type support dispatch for ROS interfaces[0m
[  7%] [34m[1mGenerating C++ type support for eProsima Fast-RTPS[0m
[ 13%] [32mBuilding C object CMakeFiles/lightweight_vicon_bridge__rosidl_generator_c.dir/rosidl_generator_c/lightweight_vicon_bridge/msg/detail/mocap_marker__functions.c.o[0m
[ 13%] [32mBuilding C object CMakeFiles/lightweight_vicon_bridge__rosidl_generator_c.dir/rosidl_generator_c/lightweight_vicon_bridge/msg/detail/mocap_segment__functions.c.o[0m
[ 13%] [32mBuilding C object CMakeFiles/lightweight_vicon_bridge__rosidl_generator_c.dir/rosidl_generator_c/lightweight_vicon_bridge/msg/detail/mocap_object__functions.c.o[0m
[ 13%] [32mBuilding C object CMakeFiles/lightweight_vicon_bridge__rosidl_generator_c.dir/rosidl_generator_c/lightweight_vicon_bridge/msg/detail/mocap_state__functions.c.o[0m
[ 15%] [32mBuilding C object CMakeFiles/lightweight_vicon_bridge__rosidl_generator_c.dir/rosidl_generator_c/lightweight_vicon_bridge/msg/detail/mocap_marker_array__functions.c.o[0m
[ 16%] [32m[1mLinking C shared library liblightweight_vicon_bridge__rosidl_generator_c.so[0m
[ 16%] Built target lightweight_vicon_bridge__rosidl_generator_c
[ 21%] [34m[1mGenerating C type support dispatch for ROS interfaces[0m
[ 21%] [34m[1mGenerating C type support for eProsima Fast-RTPS[0m
[ 21%] [34m[1mGenerating C introspection for ROS interfaces[0m
[ 26%] [32mBuilding CXX object CMakeFiles/lightweight_vicon_bridge__rosidl_typesupport_cpp.dir/rosidl_typesupport_cpp/lightweight_vicon_bridge/msg/mocap_state__type_support.cpp.o[0m
[ 26%] [32mBuilding CXX object CMakeFiles/lightweight_vicon_bridge__rosidl_typesupport_cpp.dir/rosidl_typesupport_cpp/lightweight_vicon_bridge/msg/mocap_segment__type_support.cpp.o[0m
[ 26%] [32mBuilding CXX object CMakeFiles/lightweight_vicon_bridge__rosidl_typesupport_cpp.dir/rosidl_typesupport_cpp/lightweight_vicon_bridge/msg/mocap_marker__type_support.cpp.o[0m
[ 27%] [32mBuilding CXX object CMakeFiles/lightweight_vicon_bridge__rosidl_typesupport_cpp.dir/rosidl_typesupport_cpp/lightweight_vicon_bridge/msg/mocap_object__type_support.cpp.o[0m
[ 29%] [32mBuilding CXX object CMakeFiles/lightweight_vicon_bridge__rosidl_typesupport_cpp.dir/rosidl_typesupport_cpp/lightweight_vicon_bridge/msg/mocap_marker_array__type_support.cpp.o[0m
[ 30%] [32mBuilding CXX object CMakeFiles/lightweight_vicon_bridge__rosidl_typesupport_introspection_cpp.dir/rosidl_typesupport_introspection_cpp/lightweight_vicon_bridge/msg/detail/mocap_state__type_support.cpp.o[0m
[ 32%] [32mBuilding CXX object CMakeFiles/lightweight_vicon_bridge__rosidl_typesupport_introspection_cpp.dir/rosidl_typesupport_introspection_cpp/lightweight_vicon_bridge/msg/detail/mocap_object__type_support.cpp.o[0m
[ 33%] [32mBuilding CXX object CMakeFiles/lightweight_vicon_bridge__rosidl_typesupport_introspection_cpp.dir/rosidl_typesupport_introspection_cpp/lightweight_vicon_bridge/msg/detail/mocap_segment__type_support.cpp.o[0m
[ 35%] [32mBuilding CXX object CMakeFiles/lightweight_vicon_bridge__rosidl_typesupport_introspection_cpp.dir/rosidl_typesupport_introspection_cpp/lightweight_vicon_bridge/msg/detail/mocap_marker_array__type_support.cpp.o[0m
[ 36%] [32mBuilding CXX object CMakeFiles/lightweight_vicon_bridge__rosidl_typesupport_introspection_cpp.dir/rosidl_typesupport_introspection_cpp/lightweight_vicon_bridge/msg/detail/mocap_marker__type_support.cpp.o[0m
[ 40%] [32mBuilding CXX object CMakeFiles/lightweight_vicon_bridge__rosidl_typesupport_fastrtps_cpp.dir/rosidl_typesupport_fastrtps_cpp/lightweight_vicon_bridge/msg/detail/dds_fastrtps/mocap_segment__type_support.cpp.o[0m
[ 40%] [32mBuilding CXX object CMakeFiles/lightweight_vicon_bridge__rosidl_typesupport_fastrtps_cpp.dir/rosidl_typesupport_fastrtps_cpp/lightweight_vicon_bridge/msg/detail/dds_fastrtps/mocap_state__type_support.cpp.o[0m
[ 41%] [32mBuilding CXX object CMakeFiles/lightweight_vicon_bridge__rosidl_typesupport_fastrtps_cpp.dir/rosidl_typesupport_fastrtps_cpp/lightweight_vicon_bridge/msg/detail/dds_fastrtps/mocap_object__type_support.cpp.o[0m
[ 43%] [32mBuilding CXX object CMakeFiles/lightweight_vicon_bridge__rosidl_typesupport_c.dir/rosidl_typesupport_c/lightweight_vicon_bridge/msg/mocap_state__type_support.cpp.o[0m
[ 44%] [32mBuilding CXX object CMakeFiles/lightweight_vicon_bridge__rosidl_typesupport_c.dir/rosidl_typesupport_c/lightweight_vicon_bridge/msg/mocap_object__type_support.cpp.o[0m
[ 46%] [32mBuilding CXX object CMakeFiles/lightweight_vicon_bridge__rosidl_typesupport_c.dir/rosidl_typesupport_c/lightweight_vicon_bridge/msg/mocap_segment__type_support.cpp.o[0m
[ 47%] [32mBuilding CXX object CMakeFiles/lightweight_vicon_bridge__rosidl_typesupport_c.dir/rosidl_typesupport_c/lightweight_vicon_bridge/msg/mocap_marker__type_support.cpp.o[0m
[ 49%] [32mBuilding CXX object CMakeFiles/lightweight_vicon_bridge__rosidl_typesupport_c.dir/rosidl_typesupport_c/lightweight_vicon_bridge/msg/mocap_marker_array__type_support.cpp.o[0m
[ 50%] [32mBuilding C object CMakeFiles/lightweight_vicon_bridge__rosidl_typesupport_introspection_c.dir/rosidl_typesupport_introspection_c/lightweight_vicon_bridge/msg/detail/mocap_state__type_support.c.o[0m
[ 52%] [32mBuilding CXX object CMakeFiles/lightweight_vicon_bridge__rosidl_typesupport_fastrtps_cpp.dir/rosidl_typesupport_fastrtps_cpp/lightweight_vicon_bridge/msg/detail/dds_fastrtps/mocap_marker__type_support.cpp.o[0m
[ 53%] [32mBuilding CXX object CMakeFiles/lightweight_vicon_bridge__rosidl_typesupport_fastrtps_cpp.dir/rosidl_typesupport_fastrtps_cpp/lightweight_vicon_bridge/msg/detail/dds_fastrtps/mocap_marker_array__type_support.cpp.o[0m
[ 55%] [32mBuilding C object CMakeFiles/lightweight_vicon_bridge__rosidl_typesupport_introspection_c.dir/rosidl_typesupport_introspection_c/lightweight_vicon_bridge/msg/detail/mocap_object__type_support.c.o[0m
[ 56%] [32m[1mLinking CXX shared library liblightweight_vicon_bridge__rosidl_typesupport_cpp.so[0m
[ 58%] [32mBuilding C object CMakeFiles/lightweight_vicon_bridge__rosidl_typesupport_introspection_c.dir/rosidl_typesupport_introspection_c/lightweight_vicon_bridge/msg/detail/mocap_segment__type_support.c.o[0m
[ 60%] [32m[1mLinking CXX shared library liblightweight_vicon_bridge__rosidl_typesupport_c.so[0m
[ 63%] [32mBuilding CXX object CMakeFiles/lightweight_vicon_bridge__rosidl_typesupport_fastrtps_c.dir/rosidl_typesupport_fastrtps_c/lightweight_vicon_bridge/msg/detail/mocap_state__type_support_c.cpp.o[0m
[ 63%] [32mBuilding C object CMakeFiles/lightweight_vicon_bridge__rosidl_typesupport_introspection_c.dir/rosidl_typesupport_introspection_c/lightweight_vicon_bridge/msg/detail/mocap_marker__type_support.c.o[0m
[ 64%] [32mBuilding C object CMakeFiles/lightweight_vicon_bridge__rosidl_typesupport_introspection_c.dir/rosidl_typesupport_introspection_c/lightweight_vicon_bridge/msg/detail/mocap_marker_array__type_support.c.o[0m
[ 64%] Built target lightweight_vicon_bridge__rosidl_typesupport_cpp
[ 66%] [32mBuilding CXX object CMakeFiles/lightweight_vicon_bridge__rosidl_typesupport_fastrtps_c.dir/rosidl_typesupport_fastrtps_c/lightweight_vicon_bridge/msg/detail/mocap_object__type_support_c.cpp.o[0m
[ 66%] Built target lightweight_vicon_bridge__rosidl_typesupport_c
[ 67%] [32mBuilding CXX object CMakeFiles/lightweight_vicon_bridge__rosidl_typesupport_fastrtps_c.dir/rosidl_typesupport_fastrtps_c/lightweight_vicon_bridge/msg/detail/mocap_segment__type_support_c.cpp.o[0m
[ 69%] [32mBuilding CXX object CMakeFiles/lightweight_vicon_bridge__rosidl_typesupport_fastrtps_c.dir/rosidl_typesupport_fastrtps_c/lightweight_vicon_bridge/msg/detail/mocap_marker__type_support_c.cpp.o[0m
[ 70%] [32mBuilding CXX object CMakeFiles/lightweight_vicon_bridge_node.dir/src/lightweight_vicon_bridge_node.cpp.o[0m
[ 72%] [32m[1mLinking C shared library liblightweight_vicon_bridge__rosidl_typesupport_introspection_c.so[0m
[ 72%] Built target lightweight_vicon_bridge__rosidl_typesupport_introspection_c
[ 73%] [32mBuilding CXX object CMakeFiles/lightweight_vicon_bridge__rosidl_typesupport_fastrtps_c.dir/rosidl_typesupport_fastrtps_c/lightweight_vicon_bridge/msg/detail/mocap_marker_array__type_support_c.cpp.o[0m
[ 75%] [32m[1mLinking CXX shared library liblightweight_vicon_bridge__rosidl_typesupport_introspection_cpp.so[0m
[ 75%] Built target lightweight_vicon_bridge__rosidl_typesupport_introspection_cpp
[ 76%] [32m[1mLinking CXX shared library liblightweight_vicon_bridge__rosidl_typesupport_fastrtps_cpp.so[0m
[ 76%] Built target lightweight_vicon_bridge__rosidl_typesupport_fastrtps_cpp
[ 78%] [32m[1mLinking CXX shared library liblightweight_vicon_bridge__rosidl_typesupport_fastrtps_c.so[0m
[ 78%] Built target lightweight_vicon_bridge__rosidl_typesupport_fastrtps_c
[ 78%] Built target lightweight_vicon_bridge
[ 80%] [34m[1mGenerating Python code for ROS interfaces[0m
[ 80%] Built target lightweight_vicon_bridge__py
[ 81%] [32mBuilding C object CMakeFiles/lightweight_vicon_bridge__rosidl_generator_py.dir/rosidl_generator_py/lightweight_vicon_bridge/msg/_mocap_state_s.c.o[0m
[ 83%] [32mBuilding C object CMakeFiles/lightweight_vicon_bridge__rosidl_generator_py.dir/rosidl_generator_py/lightweight_vicon_bridge/msg/_mocap_object_s.c.o[0m
[ 84%] [32mBuilding C object CMakeFiles/lightweight_vicon_bridge__rosidl_generator_py.dir/rosidl_generator_py/lightweight_vicon_bridge/msg/_mocap_segment_s.c.o[0m
[ 87%] [32mBuilding C object CMakeFiles/lightweight_vicon_bridge__rosidl_generator_py.dir/rosidl_generator_py/lightweight_vicon_bridge/msg/_mocap_marker_array_s.c.o[0m
[ 87%] [32mBuilding C object CMakeFiles/lightweight_vicon_bridge__rosidl_generator_py.dir/rosidl_generator_py/lightweight_vicon_bridge/msg/_mocap_marker_s.c.o[0m
[ 89%] [32m[1mLinking C shared library rosidl_generator_py/lightweight_vicon_bridge/liblightweight_vicon_bridge__rosidl_generator_py.so[0m
[ 89%] Built target lightweight_vicon_bridge__rosidl_generator_py
[ 93%] [32mBuilding C object CMakeFiles/lightweight_vicon_bridge__rosidl_typesupport_introspection_c__pyext.dir/rosidl_generator_py/lightweight_vicon_bridge/_lightweight_vicon_bridge_s.ep.rosidl_typesupport_introspection_c.c.o[0m
[ 93%] [32mBuilding C object CMakeFiles/lightweight_vicon_bridge__rosidl_typesupport_fastrtps_c__pyext.dir/rosidl_generator_py/lightweight_vicon_bridge/_lightweight_vicon_bridge_s.ep.rosidl_typesupport_fastrtps_c.c.o[0m
[ 93%] [32mBuilding C object CMakeFiles/lightweight_vicon_bridge__rosidl_typesupport_c__pyext.dir/rosidl_generator_py/lightweight_vicon_bridge/_lightweight_vicon_bridge_s.ep.rosidl_typesupport_c.c.o[0m
[ 96%] [32m[1mLinking C shared library rosidl_generator_py/lightweight_vicon_bridge/lightweight_vicon_bridge_s__rosidl_typesupport_fastrtps_c.cpython-310-x86_64-linux-gnu.so[0m
[ 96%] [32m[1mLinking C shared library rosidl_generator_py/lightweight_vicon_bridge/lightweight_vicon_bridge_s__rosidl_typesupport_c.cpython-310-x86_64-linux-gnu.so[0m
[ 98%] [32m[1mLinking C shared library rosidl_generator_py/lightweight_vicon_bridge/lightweight_vicon_bridge_s__rosidl_typesupport_introspection_c.cpython-310-x86_64-linux-gnu.so[0m
[ 98%] Built target lightweight_vicon_bridge__rosidl_typesupport_c__pyext
[ 98%] Built target lightweight_vicon_bridge__rosidl_typesupport_fastrtps_c__pyext
[ 98%] Built target lightweight_vicon_bridge__rosidl_typesupport_introspection_c__pyext
