[0.037s] Invoking command in '/home/zixuanh/vicon_ws/src/lightweight_vicon_bridge/build/lightweight_vicon_bridge': CMAKE_PREFIX_PATH=${CMAKE_PREFIX_PATH}:/opt/ros/humble /usr/bin/cmake /home/zixuanh/vicon_ws/src/lightweight_vicon_bridge -DCMAKE_INSTALL_PREFIX=/home/zixuanh/vicon_ws/src/lightweight_vicon_bridge/install/lightweight_vicon_bridge
[0.063s] -- The C compiler identification is GNU 11.4.0
[0.093s] -- The CXX compiler identification is GNU 11.4.0
[0.096s] -- Detecting C compiler ABI info
[0.144s] -- Detecting C compiler ABI info - done
[0.148s] -- Check for working C compiler: /usr/bin/cc - skipped
[0.148s] -- Detecting C compile features
[0.148s] -- Detecting C compile features - done
[0.150s] -- Detecting CXX compiler ABI info
[0.188s] -- Detecting CXX compiler ABI info - done
[0.192s] -- Check for working CXX compiler: /usr/bin/c++ - skipped
[0.193s] -- Detecting CXX compile features
[0.193s] -- Detecting CXX compile features - done
[0.194s] -- Found ament_cmake: 1.3.5 (/opt/ros/humble/share/ament_cmake/cmake)
[0.289s] -- Found Python3: /usr/bin/python3.10 (found version "3.10.12") found components: Interpreter 
[0.337s] -- Found rosidl_default_generators: 1.2.0 (/opt/ros/humble/share/rosidl_default_generators/cmake)
[0.339s] -- Using all available rosidl_typesupport_c: rosidl_typesupport_fastrtps_c;rosidl_typesupport_introspection_c
[0.342s] -- Found rosidl_adapter: 3.1.5 (/opt/ros/humble/share/rosidl_adapter/cmake)
[0.361s] -- Using all available rosidl_typesupport_cpp: rosidl_typesupport_fastrtps_cpp;rosidl_typesupport_introspection_cpp
[0.379s] -- Found geometry_msgs: 4.2.3 (/opt/ros/humble/share/geometry_msgs/cmake)
[0.449s] -- Found rclcpp: 16.0.6 (/opt/ros/humble/share/rclcpp/cmake)
[0.479s] -- Found rmw_implementation_cmake: 6.1.1 (/opt/ros/humble/share/rmw_implementation_cmake/cmake)
[0.480s] -- Found rmw_fastrtps_cpp: 6.2.4 (/opt/ros/humble/share/rmw_fastrtps_cpp/cmake)
[0.531s] -- Found OpenSSL: /usr/lib/x86_64-linux-gnu/libcrypto.so (found version "3.0.2")  
[0.545s] -- Found FastRTPS: /opt/ros/humble/include  
[0.568s] -- Using RMW implementation 'rmw_fastrtps_cpp' as default
[0.572s] -- Looking for pthread.h
[0.613s] -- Looking for pthread.h - found
[0.613s] -- Performing Test CMAKE_HAVE_LIBC_PTHREAD
[0.669s] -- Performing Test CMAKE_HAVE_LIBC_PTHREAD - Success
[0.670s] -- Found Threads: TRUE  
[0.904s] -- Found ament_cmake_ros: 0.10.0 (/opt/ros/humble/share/ament_cmake_ros/cmake)
[1.041s] -- Using all available rosidl_typesupport_c: rosidl_typesupport_fastrtps_c;rosidl_typesupport_introspection_c
[1.217s] -- Using all available rosidl_typesupport_cpp: rosidl_typesupport_fastrtps_cpp;rosidl_typesupport_introspection_cpp
[1.232s] -- Found PythonInterp: /usr/bin/python3 (found suitable version "3.10.12", minimum required is "3.6") 
[1.232s] -- Found python_cmake_module: 0.10.0 (/opt/ros/humble/share/python_cmake_module/cmake)
[1.246s] -- Found PythonLibs: /usr/lib/x86_64-linux-gnu/libpython3.10.so (found suitable version "3.10.12", minimum required is "3.5") 
[1.246s] -- Using PYTHON_EXECUTABLE: /usr/bin/python3
[1.246s] -- Using PYTHON_INCLUDE_DIRS: /usr/include/python3.10
[1.246s] -- Using PYTHON_LIBRARIES: /usr/lib/x86_64-linux-gnu/libpython3.10.so
[1.257s] -- Found PythonExtra: .so  
[1.289s] -- Found ament_lint_auto: 0.12.8 (/opt/ros/humble/share/ament_lint_auto/cmake)
[1.301s] -- Added test 'cppcheck' to perform static code analysis on C / C++ code
[1.302s] -- Configured cppcheck include dirs: /home/zixuanh/vicon_ws/src/lightweight_vicon_bridge/include;/home/zixuanh/vicon_ws/src/lightweight_vicon_bridge/vicon_sdk/x64;$<BUILD_INTERFACE:/home/zixuanh/vicon_ws/src/lightweight_vicon_bridge/build/lightweight_vicon_bridge/rosidl_generator_c>;$<BUILD_INTERFACE:/home/zixuanh/vicon_ws/src/lightweight_vicon_bridge/build/lightweight_vicon_bridge/rosidl_typesupport_fastrtps_c>;$<BUILD_INTERFACE:/home/zixuanh/vicon_ws/src/lightweight_vicon_bridge/build/lightweight_vicon_bridge/rosidl_typesupport_introspection_c>;$<BUILD_INTERFACE:/home/zixuanh/vicon_ws/src/lightweight_vicon_bridge/build/lightweight_vicon_bridge/rosidl_generator_cpp>;$<BUILD_INTERFACE:/home/zixuanh/vicon_ws/src/lightweight_vicon_bridge/build/lightweight_vicon_bridge/rosidl_typesupport_fastrtps_cpp>;$<BUILD_INTERFACE:/home/zixuanh/vicon_ws/src/lightweight_vicon_bridge/build/lightweight_vicon_bridge/rosidl_typesupport_introspection_cpp>;/home/zixuanh/vicon_ws/src/lightweight_vicon_bridge/build/lightweight_vicon_bridge/rosidl_generator_c;/home/zixuanh/vicon_ws/src/lightweight_vicon_bridge/build/lightweight_vicon_bridge/rosidl_generator_py
[1.303s] -- Configured cppcheck exclude dirs and/or files: 
[1.303s] -- Added test 'flake8' to check Python code syntax and style conventions
[1.305s] -- Added test 'lint_cmake' to check CMake code style
[1.306s] -- Added test 'pep257' to check Python code against some of the docstring style conventions in PEP 257
[1.310s] -- Added test 'uncrustify' to check C / C++ code style
[1.310s] -- Configured uncrustify additional arguments: 
[1.311s] -- Added test 'xmllint' to check XML markup files
[1.312s] -- Configuring done
[1.339s] -- Generating done
[1.341s] -- Build files have been written to: /home/zixuanh/vicon_ws/src/lightweight_vicon_bridge/build/lightweight_vicon_bridge
[1.347s] Invoked command in '/home/zixuanh/vicon_ws/src/lightweight_vicon_bridge/build/lightweight_vicon_bridge' returned '0': CMAKE_PREFIX_PATH=${CMAKE_PREFIX_PATH}:/opt/ros/humble /usr/bin/cmake /home/zixuanh/vicon_ws/src/lightweight_vicon_bridge -DCMAKE_INSTALL_PREFIX=/home/zixuanh/vicon_ws/src/lightweight_vicon_bridge/install/lightweight_vicon_bridge
[1.348s] Invoking command in '/home/zixuanh/vicon_ws/src/lightweight_vicon_bridge/build/lightweight_vicon_bridge': CMAKE_PREFIX_PATH=${CMAKE_PREFIX_PATH}:/opt/ros/humble /usr/bin/cmake --build /home/zixuanh/vicon_ws/src/lightweight_vicon_bridge/build/lightweight_vicon_bridge -- -j16 -l16
[1.369s] [  1%] [34m[1mGenerating C code for ROS interfaces[0m
[1.374s] [  3%] [34m[1mGenerating C++ code for ROS interfaces[0m
[1.378s] [  3%] Built target ament_cmake_python_copy_lightweight_vicon_bridge
[1.508s] running egg_info
[1.508s] creating lightweight_vicon_bridge.egg-info
[1.509s] writing lightweight_vicon_bridge.egg-info/PKG-INFO
[1.509s] writing dependency_links to lightweight_vicon_bridge.egg-info/dependency_links.txt
[1.509s] writing top-level names to lightweight_vicon_bridge.egg-info/top_level.txt
[1.509s] writing manifest file 'lightweight_vicon_bridge.egg-info/SOURCES.txt'
[1.510s] reading manifest file 'lightweight_vicon_bridge.egg-info/SOURCES.txt'
[1.510s] writing manifest file 'lightweight_vicon_bridge.egg-info/SOURCES.txt'
[1.524s] [  3%] Built target ament_cmake_python_build_lightweight_vicon_bridge_egg
[1.609s] [  3%] Built target lightweight_vicon_bridge__cpp
[1.616s] [  4%] [34m[1mGenerating C++ introspection for ROS interfaces[0m
[1.617s] [  6%] [34m[1mGenerating C++ type support dispatch for ROS interfaces[0m
[1.617s] [  7%] [34m[1mGenerating C++ type support for eProsima Fast-RTPS[0m
[1.628s] [ 13%] [32mBuilding C object CMakeFiles/lightweight_vicon_bridge__rosidl_generator_c.dir/rosidl_generator_c/lightweight_vicon_bridge/msg/detail/mocap_marker__functions.c.o[0m
[1.628s] [ 13%] [32mBuilding C object CMakeFiles/lightweight_vicon_bridge__rosidl_generator_c.dir/rosidl_generator_c/lightweight_vicon_bridge/msg/detail/mocap_segment__functions.c.o[0m
[1.628s] [ 13%] [32mBuilding C object CMakeFiles/lightweight_vicon_bridge__rosidl_generator_c.dir/rosidl_generator_c/lightweight_vicon_bridge/msg/detail/mocap_object__functions.c.o[0m
[1.628s] [ 13%] [32mBuilding C object CMakeFiles/lightweight_vicon_bridge__rosidl_generator_c.dir/rosidl_generator_c/lightweight_vicon_bridge/msg/detail/mocap_state__functions.c.o[0m
[1.628s] [ 15%] [32mBuilding C object CMakeFiles/lightweight_vicon_bridge__rosidl_generator_c.dir/rosidl_generator_c/lightweight_vicon_bridge/msg/detail/mocap_marker_array__functions.c.o[0m
[1.661s] [ 16%] [32m[1mLinking C shared library liblightweight_vicon_bridge__rosidl_generator_c.so[0m
[1.681s] [ 16%] Built target lightweight_vicon_bridge__rosidl_generator_c
[1.686s] [ 21%] [34m[1mGenerating C type support dispatch for ROS interfaces[0m
[1.687s] [ 21%] [34m[1mGenerating C type support for eProsima Fast-RTPS[0m
[1.687s] [ 21%] [34m[1mGenerating C introspection for ROS interfaces[0m
[1.799s] [ 26%] [32mBuilding CXX object CMakeFiles/lightweight_vicon_bridge__rosidl_typesupport_cpp.dir/rosidl_typesupport_cpp/lightweight_vicon_bridge/msg/mocap_state__type_support.cpp.o[0m
[1.799s] [ 26%] [32mBuilding CXX object CMakeFiles/lightweight_vicon_bridge__rosidl_typesupport_cpp.dir/rosidl_typesupport_cpp/lightweight_vicon_bridge/msg/mocap_segment__type_support.cpp.o[0m
[1.799s] [ 26%] [32mBuilding CXX object CMakeFiles/lightweight_vicon_bridge__rosidl_typesupport_cpp.dir/rosidl_typesupport_cpp/lightweight_vicon_bridge/msg/mocap_marker__type_support.cpp.o[0m
[1.801s] [ 27%] [32mBuilding CXX object CMakeFiles/lightweight_vicon_bridge__rosidl_typesupport_cpp.dir/rosidl_typesupport_cpp/lightweight_vicon_bridge/msg/mocap_object__type_support.cpp.o[0m
[1.801s] [ 29%] [32mBuilding CXX object CMakeFiles/lightweight_vicon_bridge__rosidl_typesupport_cpp.dir/rosidl_typesupport_cpp/lightweight_vicon_bridge/msg/mocap_marker_array__type_support.cpp.o[0m
[1.849s] [ 30%] [32mBuilding CXX object CMakeFiles/lightweight_vicon_bridge__rosidl_typesupport_introspection_cpp.dir/rosidl_typesupport_introspection_cpp/lightweight_vicon_bridge/msg/detail/mocap_state__type_support.cpp.o[0m
[1.852s] [ 32%] [32mBuilding CXX object CMakeFiles/lightweight_vicon_bridge__rosidl_typesupport_introspection_cpp.dir/rosidl_typesupport_introspection_cpp/lightweight_vicon_bridge/msg/detail/mocap_object__type_support.cpp.o[0m
[1.852s] [ 33%] [32mBuilding CXX object CMakeFiles/lightweight_vicon_bridge__rosidl_typesupport_introspection_cpp.dir/rosidl_typesupport_introspection_cpp/lightweight_vicon_bridge/msg/detail/mocap_segment__type_support.cpp.o[0m
[1.852s] [ 35%] [32mBuilding CXX object CMakeFiles/lightweight_vicon_bridge__rosidl_typesupport_introspection_cpp.dir/rosidl_typesupport_introspection_cpp/lightweight_vicon_bridge/msg/detail/mocap_marker_array__type_support.cpp.o[0m
[1.853s] [ 36%] [32mBuilding CXX object CMakeFiles/lightweight_vicon_bridge__rosidl_typesupport_introspection_cpp.dir/rosidl_typesupport_introspection_cpp/lightweight_vicon_bridge/msg/detail/mocap_marker__type_support.cpp.o[0m
[1.869s] [ 40%] [32mBuilding CXX object CMakeFiles/lightweight_vicon_bridge__rosidl_typesupport_fastrtps_cpp.dir/rosidl_typesupport_fastrtps_cpp/lightweight_vicon_bridge/msg/detail/dds_fastrtps/mocap_segment__type_support.cpp.o[0m
[1.869s] [ 40%] [32mBuilding CXX object CMakeFiles/lightweight_vicon_bridge__rosidl_typesupport_fastrtps_cpp.dir/rosidl_typesupport_fastrtps_cpp/lightweight_vicon_bridge/msg/detail/dds_fastrtps/mocap_state__type_support.cpp.o[0m
[1.873s] [ 41%] [32mBuilding CXX object CMakeFiles/lightweight_vicon_bridge__rosidl_typesupport_fastrtps_cpp.dir/rosidl_typesupport_fastrtps_cpp/lightweight_vicon_bridge/msg/detail/dds_fastrtps/mocap_object__type_support.cpp.o[0m
[1.957s] [ 43%] [32mBuilding CXX object CMakeFiles/lightweight_vicon_bridge__rosidl_typesupport_c.dir/rosidl_typesupport_c/lightweight_vicon_bridge/msg/mocap_state__type_support.cpp.o[0m
[1.986s] [ 44%] [32mBuilding CXX object CMakeFiles/lightweight_vicon_bridge__rosidl_typesupport_c.dir/rosidl_typesupport_c/lightweight_vicon_bridge/msg/mocap_object__type_support.cpp.o[0m
[2.015s] [ 46%] [32mBuilding CXX object CMakeFiles/lightweight_vicon_bridge__rosidl_typesupport_c.dir/rosidl_typesupport_c/lightweight_vicon_bridge/msg/mocap_segment__type_support.cpp.o[0m
[2.025s] [ 47%] [32mBuilding CXX object CMakeFiles/lightweight_vicon_bridge__rosidl_typesupport_c.dir/rosidl_typesupport_c/lightweight_vicon_bridge/msg/mocap_marker__type_support.cpp.o[0m
[2.029s] [ 49%] [32mBuilding CXX object CMakeFiles/lightweight_vicon_bridge__rosidl_typesupport_c.dir/rosidl_typesupport_c/lightweight_vicon_bridge/msg/mocap_marker_array__type_support.cpp.o[0m
[2.036s] [ 50%] [32mBuilding C object CMakeFiles/lightweight_vicon_bridge__rosidl_typesupport_introspection_c.dir/rosidl_typesupport_introspection_c/lightweight_vicon_bridge/msg/detail/mocap_state__type_support.c.o[0m
[2.045s] [ 52%] [32mBuilding CXX object CMakeFiles/lightweight_vicon_bridge__rosidl_typesupport_fastrtps_cpp.dir/rosidl_typesupport_fastrtps_cpp/lightweight_vicon_bridge/msg/detail/dds_fastrtps/mocap_marker__type_support.cpp.o[0m
[2.045s] [ 53%] [32mBuilding CXX object CMakeFiles/lightweight_vicon_bridge__rosidl_typesupport_fastrtps_cpp.dir/rosidl_typesupport_fastrtps_cpp/lightweight_vicon_bridge/msg/detail/dds_fastrtps/mocap_marker_array__type_support.cpp.o[0m
[2.061s] [ 55%] [32mBuilding C object CMakeFiles/lightweight_vicon_bridge__rosidl_typesupport_introspection_c.dir/rosidl_typesupport_introspection_c/lightweight_vicon_bridge/msg/detail/mocap_object__type_support.c.o[0m
[2.065s] [ 56%] [32m[1mLinking CXX shared library liblightweight_vicon_bridge__rosidl_typesupport_cpp.so[0m
[2.068s] [ 58%] [32mBuilding C object CMakeFiles/lightweight_vicon_bridge__rosidl_typesupport_introspection_c.dir/rosidl_typesupport_introspection_c/lightweight_vicon_bridge/msg/detail/mocap_segment__type_support.c.o[0m
[2.071s] [ 60%] [32m[1mLinking CXX shared library liblightweight_vicon_bridge__rosidl_typesupport_c.so[0m
[2.074s] [ 63%] [32mBuilding CXX object CMakeFiles/lightweight_vicon_bridge__rosidl_typesupport_fastrtps_c.dir/rosidl_typesupport_fastrtps_c/lightweight_vicon_bridge/msg/detail/mocap_state__type_support_c.cpp.o[0m
[2.075s] [ 63%] [32mBuilding C object CMakeFiles/lightweight_vicon_bridge__rosidl_typesupport_introspection_c.dir/rosidl_typesupport_introspection_c/lightweight_vicon_bridge/msg/detail/mocap_marker__type_support.c.o[0m
[2.102s] [ 64%] [32mBuilding C object CMakeFiles/lightweight_vicon_bridge__rosidl_typesupport_introspection_c.dir/rosidl_typesupport_introspection_c/lightweight_vicon_bridge/msg/detail/mocap_marker_array__type_support.c.o[0m
[2.106s] [ 64%] Built target lightweight_vicon_bridge__rosidl_typesupport_cpp
[2.108s] [ 66%] [32mBuilding CXX object CMakeFiles/lightweight_vicon_bridge__rosidl_typesupport_fastrtps_c.dir/rosidl_typesupport_fastrtps_c/lightweight_vicon_bridge/msg/detail/mocap_object__type_support_c.cpp.o[0m
[2.113s] [ 66%] Built target lightweight_vicon_bridge__rosidl_typesupport_c
[2.113s] [ 67%] [32mBuilding CXX object CMakeFiles/lightweight_vicon_bridge__rosidl_typesupport_fastrtps_c.dir/rosidl_typesupport_fastrtps_c/lightweight_vicon_bridge/msg/detail/mocap_segment__type_support_c.cpp.o[0m
[2.122s] [ 69%] [32mBuilding CXX object CMakeFiles/lightweight_vicon_bridge__rosidl_typesupport_fastrtps_c.dir/rosidl_typesupport_fastrtps_c/lightweight_vicon_bridge/msg/detail/mocap_marker__type_support_c.cpp.o[0m
[2.132s] [ 70%] [32mBuilding CXX object CMakeFiles/lightweight_vicon_bridge_node.dir/src/lightweight_vicon_bridge_node.cpp.o[0m
[2.138s] [ 72%] [32m[1mLinking C shared library liblightweight_vicon_bridge__rosidl_typesupport_introspection_c.so[0m
[2.183s] [ 72%] Built target lightweight_vicon_bridge__rosidl_typesupport_introspection_c
[2.192s] [ 73%] [32mBuilding CXX object CMakeFiles/lightweight_vicon_bridge__rosidl_typesupport_fastrtps_c.dir/rosidl_typesupport_fastrtps_c/lightweight_vicon_bridge/msg/detail/mocap_marker_array__type_support_c.cpp.o[0m
[2.272s] [ 75%] [32m[1mLinking CXX shared library liblightweight_vicon_bridge__rosidl_typesupport_introspection_cpp.so[0m
[2.327s] [ 75%] Built target lightweight_vicon_bridge__rosidl_typesupport_introspection_cpp
[2.421s] [ 76%] [32m[1mLinking CXX shared library liblightweight_vicon_bridge__rosidl_typesupport_fastrtps_cpp.so[0m
[2.464s] [ 76%] Built target lightweight_vicon_bridge__rosidl_typesupport_fastrtps_cpp
[2.482s] [ 78%] [32m[1mLinking CXX shared library liblightweight_vicon_bridge__rosidl_typesupport_fastrtps_c.so[0m
[2.520s] [ 78%] Built target lightweight_vicon_bridge__rosidl_typesupport_fastrtps_c
[2.531s] [ 78%] Built target lightweight_vicon_bridge
[2.544s] [ 80%] [34m[1mGenerating Python code for ROS interfaces[0m
[2.896s] [ 80%] Built target lightweight_vicon_bridge__py
[2.909s] [ 81%] [32mBuilding C object CMakeFiles/lightweight_vicon_bridge__rosidl_generator_py.dir/rosidl_generator_py/lightweight_vicon_bridge/msg/_mocap_state_s.c.o[0m
[2.909s] [ 83%] [32mBuilding C object CMakeFiles/lightweight_vicon_bridge__rosidl_generator_py.dir/rosidl_generator_py/lightweight_vicon_bridge/msg/_mocap_object_s.c.o[0m
[2.910s] [ 84%] [32mBuilding C object CMakeFiles/lightweight_vicon_bridge__rosidl_generator_py.dir/rosidl_generator_py/lightweight_vicon_bridge/msg/_mocap_segment_s.c.o[0m
[2.910s] [ 87%] [32mBuilding C object CMakeFiles/lightweight_vicon_bridge__rosidl_generator_py.dir/rosidl_generator_py/lightweight_vicon_bridge/msg/_mocap_marker_array_s.c.o[0m
[2.910s] [ 87%] [32mBuilding C object CMakeFiles/lightweight_vicon_bridge__rosidl_generator_py.dir/rosidl_generator_py/lightweight_vicon_bridge/msg/_mocap_marker_s.c.o[0m
[2.969s] [ 89%] [32m[1mLinking C shared library rosidl_generator_py/lightweight_vicon_bridge/liblightweight_vicon_bridge__rosidl_generator_py.so[0m
[2.991s] [ 89%] Built target lightweight_vicon_bridge__rosidl_generator_py
[3.002s] [ 93%] [32mBuilding C object CMakeFiles/lightweight_vicon_bridge__rosidl_typesupport_introspection_c__pyext.dir/rosidl_generator_py/lightweight_vicon_bridge/_lightweight_vicon_bridge_s.ep.rosidl_typesupport_introspection_c.c.o[0m
[3.002s] [ 93%] [32mBuilding C object CMakeFiles/lightweight_vicon_bridge__rosidl_typesupport_fastrtps_c__pyext.dir/rosidl_generator_py/lightweight_vicon_bridge/_lightweight_vicon_bridge_s.ep.rosidl_typesupport_fastrtps_c.c.o[0m
[3.003s] [ 93%] [32mBuilding C object CMakeFiles/lightweight_vicon_bridge__rosidl_typesupport_c__pyext.dir/rosidl_generator_py/lightweight_vicon_bridge/_lightweight_vicon_bridge_s.ep.rosidl_typesupport_c.c.o[0m
[3.063s] [ 96%] [32m[1mLinking C shared library rosidl_generator_py/lightweight_vicon_bridge/lightweight_vicon_bridge_s__rosidl_typesupport_fastrtps_c.cpython-310-x86_64-linux-gnu.so[0m
[3.063s] [ 96%] [32m[1mLinking C shared library rosidl_generator_py/lightweight_vicon_bridge/lightweight_vicon_bridge_s__rosidl_typesupport_c.cpython-310-x86_64-linux-gnu.so[0m
[3.070s] [ 98%] [32m[1mLinking C shared library rosidl_generator_py/lightweight_vicon_bridge/lightweight_vicon_bridge_s__rosidl_typesupport_introspection_c.cpython-310-x86_64-linux-gnu.so[0m
[3.085s] [ 98%] Built target lightweight_vicon_bridge__rosidl_typesupport_c__pyext
[3.085s] [ 98%] Built target lightweight_vicon_bridge__rosidl_typesupport_fastrtps_c__pyext
[3.092s] [ 98%] Built target lightweight_vicon_bridge__rosidl_typesupport_introspection_c__pyext
[3.501s] [01m[K/home/zixuanh/vicon_ws/src/lightweight_vicon_bridge/src/lightweight_vicon_bridge_node.cpp:[m[K In function ‘[01m[Kint main(int, char**)[m[K’:
[3.501s] [01m[K/home/zixuanh/vicon_ws/src/lightweight_vicon_bridge/src/lightweight_vicon_bridge_node.cpp:82:9:[m[K [01;31m[Kerror: [m[K‘[01m[KROS_FATAL[m[K’ was not declared in this scope
[3.501s]    82 |         [01;31m[KROS_FATAL[m[K("Invalid stream mode %s, valid options are ServerPush, ClientPullPreFetch, and ClientPull", stream_mode.c_str());
[3.501s]       |         [01;31m[K^~~~~~~~~[m[K
[3.503s] [01m[K/home/zixuanh/vicon_ws/src/lightweight_vicon_bridge/src/lightweight_vicon_bridge_node.cpp:87:5:[m[K [01;31m[Kerror: [m[K‘[01m[KROS_INFO[m[K’ was not declared in this scope
[3.503s]    87 |     [01;31m[KROS_INFO[m[K("Connecting to Vicon Tracker (DataStream SDK) at hostname %s", tracker_hostname.c_str());
[3.503s]       |     [01;31m[K^~~~~~~~[m[K
[3.503s] [01m[K/home/zixuanh/vicon_ws/src/lightweight_vicon_bridge/src/lightweight_vicon_bridge_node.cpp:89:5:[m[K [01;31m[Kerror: [m[K‘[01m[Kros[m[K’ has not been declared
[3.503s]    89 |     [01;31m[Kros[m[K::Publisher mocap_pub = nh.advertise<lightweight_vicon_bridge::MocapState>(tracker_topic, 1, false);
[3.503s]       |     [01;31m[K^~~[m[K
[3.503s] [01m[K/home/zixuanh/vicon_ws/src/lightweight_vicon_bridge/src/lightweight_vicon_bridge_node.cpp:95:51:[m[K [01;31m[Kerror: [m[K‘[01m[Kros[m[K’ has not been declared
[3.503s]    95 |     while (!sdk_client.IsConnected().Connected && [01;31m[Kros[m[K::ok())
[3.503s]       |                                                   [01;31m[K^~~[m[K
[3.505s] [01m[K/home/zixuanh/vicon_ws/src/lightweight_vicon_bridge/src/lightweight_vicon_bridge_node.cpp:97:9:[m[K [01;31m[Kerror: [m[K‘[01m[KROS_WARN[m[K’ was not declared in this scope
[3.505s]    97 |         [01;31m[KROS_WARN[m[K("...taking a while to connect, trying again...");
[3.505s]       |         [01;31m[K^~~~~~~~[m[K
[3.508s] [01m[K/home/zixuanh/vicon_ws/src/lightweight_vicon_bridge/src/lightweight_vicon_bridge_node.cpp:121:9:[m[K [01;31m[Kerror: [m[K‘[01m[KROS_FATAL[m[K’ was not declared in this scope
[3.508s]   121 |         [01;31m[KROS_FATAL[m[K("Invalid stream mode");
[3.508s]       |         [01;31m[K^~~~~~~~~[m[K
[3.508s] [01m[K/home/zixuanh/vicon_ws/src/lightweight_vicon_bridge/src/lightweight_vicon_bridge_node.cpp:126:12:[m[K [01;31m[Kerror: [m[K‘[01m[Kros[m[K’ has not been declared
[3.508s]   126 |     while ([01;31m[Kros[m[K::ok())
[3.508s]       |            [01;31m[K^~~[m[K
[3.512s] [01m[K/home/zixuanh/vicon_ws/src/lightweight_vicon_bridge/src/lightweight_vicon_bridge_node.cpp:132:19:[m[K [01;31m[Kerror: [m[K‘[01m[Kros[m[K’ does not name a type
[3.512s]   132 |             const [01;31m[Kros[m[K::Duration latency_duration(total_latency);
[3.512s]       |                   [01;31m[K^~~[m[K
[3.512s] [01m[K/home/zixuanh/vicon_ws/src/lightweight_vicon_bridge/src/lightweight_vicon_bridge_node.cpp:133:19:[m[K [01;31m[Kerror: [m[K‘[01m[Kros[m[K’ does not name a type
[3.512s]   133 |             const [01;31m[Kros[m[K::Time current_time = ros::Time::now();
[3.512s]       |                   [01;31m[K^~~[m[K
[3.512s] [01m[K/home/zixuanh/vicon_ws/src/lightweight_vicon_bridge/src/lightweight_vicon_bridge_node.cpp:134:13:[m[K [01;31m[Kerror: [m[K‘[01m[Kros[m[K’ has not been declared
[3.512s]   134 |             [01;31m[Kros[m[K::Time raw_frame_time(0.0);
[3.512s]       |             [01;31m[K^~~[m[K
[3.513s] [01m[K/home/zixuanh/vicon_ws/src/lightweight_vicon_bridge/src/lightweight_vicon_bridge_node.cpp:135:17:[m[K [01;31m[Kerror: [m[K‘[01m[Kcurrent_time[m[K’ was not declared in this scope
[3.513s]   135 |             if ([01;31m[Kcurrent_time[m[K.toSec() > latency_duration.toSec())
[3.513s]       |                 [01;31m[K^~~~~~~~~~~~[m[K
[3.519s] [01m[K/home/zixuanh/vicon_ws/src/lightweight_vicon_bridge/src/lightweight_vicon_bridge_node.cpp:135:40:[m[K [01;31m[Kerror: [m[K‘[01m[Klatency_duration[m[K’ was not declared in this scope
[3.519s]   135 |             if (current_time.toSec() > [01;31m[Klatency_duration[m[K.toSec())
[3.519s]       |                                        [01;31m[K^~~~~~~~~~~~~~~~[m[K
[3.525s] [01m[K/home/zixuanh/vicon_ws/src/lightweight_vicon_bridge/src/lightweight_vicon_bridge_node.cpp:137:17:[m[K [01;31m[Kerror: [m[K‘[01m[Kraw_frame_time[m[K’ was not declared in this scope
[3.525s]   137 |                 [01;31m[Kraw_frame_time[m[K = current_time - latency_duration;
[3.525s]       |                 [01;31m[K^~~~~~~~~~~~~~[m[K
[3.528s] [01m[K/home/zixuanh/vicon_ws/src/lightweight_vicon_bridge/src/lightweight_vicon_bridge_node.cpp:141:17:[m[K [01;31m[Kerror: [m[K‘[01m[KROS_WARN[m[K’ was not declared in this scope
[3.528s]   141 |                 [01;31m[KROS_WARN[m[K("(INVALID FRAME TIME) Latency estimate is greater than current time, leaving time at zero");
[3.528s]       |                 [01;31m[K^~~~~~~~[m[K
[3.529s] [01m[K/home/zixuanh/vicon_ws/src/lightweight_vicon_bridge/src/lightweight_vicon_bridge_node.cpp:143:19:[m[K [01;31m[Kerror: [m[K‘[01m[Kros[m[K’ does not name a type
[3.529s]   143 |             const [01;31m[Kros[m[K::Time frame_time = raw_frame_time;
[3.529s]       |                   [01;31m[K^~~[m[K
[3.530s] [01m[K/home/zixuanh/vicon_ws/src/lightweight_vicon_bridge/src/lightweight_vicon_bridge_node.cpp:144:39:[m[K [01;31m[Kerror: [m[K‘[01m[KMocapState[m[K’ is not a member of ‘[01m[Klightweight_vicon_bridge[m[K’; did you mean ‘[01m[Klightweight_vicon_bridge::msg::MocapState[m[K’?
[3.530s]   144 |             lightweight_vicon_bridge::[01;31m[KMocapState[m[K state_msg;
[3.530s]       |                                       [01;31m[K^~~~~~~~~~[m[K
[3.530s] In file included from [01m[K/home/zixuanh/vicon_ws/src/lightweight_vicon_bridge/build/lightweight_vicon_bridge/rosidl_generator_cpp/lightweight_vicon_bridge/msg/mocap_state.hpp:7[m[K,
[3.530s]                  from [01m[K/home/zixuanh/vicon_ws/src/lightweight_vicon_bridge/src/lightweight_vicon_bridge_node.cpp:11[m[K:
[3.530s] [01m[K/home/zixuanh/vicon_ws/src/lightweight_vicon_bridge/build/lightweight_vicon_bridge/rosidl_generator_cpp/lightweight_vicon_bridge/msg/detail/mocap_state__struct.hpp:156:7:[m[K [01;36m[Knote: [m[K‘[01m[Klightweight_vicon_bridge::msg::MocapState[m[K’ declared here
[3.530s]   156 | using [01;36m[KMocapState[m[K =
[3.530s]       |       [01;36m[K^~~~~~~~~~[m[K
[3.533s] [01m[K/home/zixuanh/vicon_ws/src/lightweight_vicon_bridge/src/lightweight_vicon_bridge_node.cpp:145:13:[m[K [01;31m[Kerror: [m[K‘[01m[Kstate_msg[m[K’ was not declared in this scope
[3.533s]   145 |             [01;31m[Kstate_msg[m[K.header.frame_id = tracker_frame_name;
[3.533s]       |             [01;31m[K^~~~~~~~~[m[K
[3.536s] [01m[K/home/zixuanh/vicon_ws/src/lightweight_vicon_bridge/src/lightweight_vicon_bridge_node.cpp:146:38:[m[K [01;31m[Kerror: [m[K‘[01m[Kframe_time[m[K’ was not declared in this scope
[3.536s]   146 |             state_msg.header.stamp = [01;31m[Kframe_time[m[K;
[3.536s]       |                                      [01;31m[K^~~~~~~~~~[m[K
[3.537s] [01m[K/home/zixuanh/vicon_ws/src/lightweight_vicon_bridge/src/lightweight_vicon_bridge_node.cpp:153:43:[m[K [01;31m[Kerror: [m[K‘[01m[KMocapObject[m[K’ is not a member of ‘[01m[Klightweight_vicon_bridge[m[K’; did you mean ‘[01m[Klightweight_vicon_bridge::msg::MocapObject[m[K’?
[3.537s]   153 |                 lightweight_vicon_bridge::[01;31m[KMocapObject[m[K object_msg;
[3.537s]       |                                           [01;31m[K^~~~~~~~~~~[m[K
[3.537s] In file included from [01m[K/home/zixuanh/vicon_ws/src/lightweight_vicon_bridge/build/lightweight_vicon_bridge/rosidl_generator_cpp/lightweight_vicon_bridge/msg/detail/mocap_state__struct.hpp:22[m[K,
[3.537s]                  from [01m[K/home/zixuanh/vicon_ws/src/lightweight_vicon_bridge/build/lightweight_vicon_bridge/rosidl_generator_cpp/lightweight_vicon_bridge/msg/mocap_state.hpp:7[m[K,
[3.537s]                  from [01m[K/home/zixuanh/vicon_ws/src/lightweight_vicon_bridge/src/lightweight_vicon_bridge_node.cpp:11[m[K:
[3.537s] [01m[K/home/zixuanh/vicon_ws/src/lightweight_vicon_bridge/build/lightweight_vicon_bridge/rosidl_generator_cpp/lightweight_vicon_bridge/msg/detail/mocap_object__struct.hpp:138:7:[m[K [01;36m[Knote: [m[K‘[01m[Klightweight_vicon_bridge::msg::MocapObject[m[K’ declared here
[3.537s]   138 | using [01;36m[KMocapObject[m[K =
[3.537s]       |       [01;36m[K^~~~~~~~~~~[m[K
[3.540s] [01m[K/home/zixuanh/vicon_ws/src/lightweight_vicon_bridge/src/lightweight_vicon_bridge_node.cpp:154:17:[m[K [01;31m[Kerror: [m[K‘[01m[Kobject_msg[m[K’ was not declared in this scope; did you mean ‘[01m[Kobjects[m[K’?
[3.540s]   154 |                 [01;31m[Kobject_msg[m[K.name = object_name;
[3.541s]       |                 [01;31m[K^~~~~~~~~~[m[K
[3.541s]       |                 [32m[Kobjects[m[K
[3.541s] [01m[K/home/zixuanh/vicon_ws/src/lightweight_vicon_bridge/src/lightweight_vicon_bridge_node.cpp:162:47:[m[K [01;31m[Kerror: [m[K‘[01m[KMocapSegment[m[K’ is not a member of ‘[01m[Klightweight_vicon_bridge[m[K’; did you mean ‘[01m[Klightweight_vicon_bridge::msg::MocapSegment[m[K’?
[3.541s]   162 |                     lightweight_vicon_bridge::[01;31m[KMocapSegment[m[K segment_msg;
[3.541s]       |                                               [01;31m[K^~~~~~~~~~~~[m[K
[3.542s] In file included from [01m[K/home/zixuanh/vicon_ws/src/lightweight_vicon_bridge/build/lightweight_vicon_bridge/rosidl_generator_cpp/lightweight_vicon_bridge/msg/detail/mocap_object__struct.hpp:20[m[K,
[3.542s]                  from [01m[K/home/zixuanh/vicon_ws/src/lightweight_vicon_bridge/build/lightweight_vicon_bridge/rosidl_generator_cpp/lightweight_vicon_bridge/msg/detail/mocap_state__struct.hpp:22[m[K,
[3.542s]                  from [01m[K/home/zixuanh/vicon_ws/src/lightweight_vicon_bridge/build/lightweight_vicon_bridge/rosidl_generator_cpp/lightweight_vicon_bridge/msg/mocap_state.hpp:7[m[K,
[3.542s]                  from [01m[K/home/zixuanh/vicon_ws/src/lightweight_vicon_bridge/src/lightweight_vicon_bridge_node.cpp:11[m[K:
[3.542s] [01m[K/home/zixuanh/vicon_ws/src/lightweight_vicon_bridge/build/lightweight_vicon_bridge/rosidl_generator_cpp/lightweight_vicon_bridge/msg/detail/mocap_segment__struct.hpp:154:7:[m[K [01;36m[Knote: [m[K‘[01m[Klightweight_vicon_bridge::msg::MocapSegment[m[K’ declared here
[3.542s]   154 | using [01;36m[KMocapSegment[m[K =
[3.542s]       |       [01;36m[K^~~~~~~~~~~~[m[K
[3.544s] [01m[K/home/zixuanh/vicon_ws/src/lightweight_vicon_bridge/src/lightweight_vicon_bridge_node.cpp:163:21:[m[K [01;31m[Kerror: [m[K‘[01m[Ksegment_msg[m[K’ was not declared in this scope; did you mean ‘[01m[Ksegments[m[K’?
[3.544s]   163 |                     [01;31m[Ksegment_msg[m[K.name = segment_name;
[3.544s]       |                     [01;31m[K^~~~~~~~~~~[m[K
[3.544s]       |                     [32m[Ksegments[m[K
[3.547s] [01m[K/home/zixuanh/vicon_ws/src/lightweight_vicon_bridge/src/lightweight_vicon_bridge_node.cpp:188:13:[m[K [01;31m[Kerror: [m[K‘[01m[Kmocap_pub[m[K’ was not declared in this scope
[3.547s]   188 |             [01;31m[Kmocap_pub[m[K.publish(state_msg);
[3.547s]       |             [01;31m[K^~~~~~~~~[m[K
[3.547s] [01m[K/home/zixuanh/vicon_ws/src/lightweight_vicon_bridge/src/lightweight_vicon_bridge_node.cpp:131:26:[m[K [01;35m[Kwarning: [m[Kunused variable ‘[01m[Ktotal_latency[m[K’ [[01;35m[K]8;;https://gcc.gnu.org/onlinedocs/gcc/Warning-Options.html#index-Wunused-variable-Wunused-variable]8;;[m[K]
[3.547s]   131 |             const double [01;35m[Ktotal_latency[m[K = sdk_client.GetLatencyTotal().Total;
[3.548s]       |                          [01;35m[K^~~~~~~~~~~~~[m[K
[3.548s] [01m[K/home/zixuanh/vicon_ws/src/lightweight_vicon_bridge/src/lightweight_vicon_bridge_node.cpp:191:9:[m[K [01;31m[Kerror: [m[K‘[01m[Kros[m[K’ has not been declared
[3.548s]   191 |         [01;31m[Kros[m[K::spinOnce();
[3.548s]       |         [01;31m[K^~~[m[K
[3.838s] gmake[2]: *** [CMakeFiles/lightweight_vicon_bridge_node.dir/build.make:76: CMakeFiles/lightweight_vicon_bridge_node.dir/src/lightweight_vicon_bridge_node.cpp.o] Error 1
[3.838s] gmake[1]: *** [CMakeFiles/Makefile2:593: CMakeFiles/lightweight_vicon_bridge_node.dir/all] Error 2
[3.838s] gmake: *** [Makefile:146: all] Error 2
[3.840s] Invoked command in '/home/zixuanh/vicon_ws/src/lightweight_vicon_bridge/build/lightweight_vicon_bridge' returned '2': CMAKE_PREFIX_PATH=${CMAKE_PREFIX_PATH}:/opt/ros/humble /usr/bin/cmake --build /home/zixuanh/vicon_ws/src/lightweight_vicon_bridge/build/lightweight_vicon_bridge -- -j16 -l16
